Cascade traning training analyzer by Paco
Starting analysis

Testing training: data_100_25x10_stage18_pos200_neg300_mode_BASIC_GOOD
Copying data_100_25x10_stage18_pos200_neg300_mode_BASIC_GOOD to BAD folder

Testing training: data_101_25x10_stage18_pos200_neg300_mode_CORE_GOOD
Copying data_101_25x10_stage18_pos200_neg300_mode_CORE_GOOD to BAD folder

Testing training: data_102_25x10_stage18_pos200_neg300_mode_ALL_GOOD
Copying data_102_25x10_stage18_pos200_neg300_mode_ALL_GOOD to BAD folder

Testing training: data_10_25x10_stage10_pos200_neg500_mode_BASIC_BAD
Copying data_10_25x10_stage10_pos200_neg500_mode_BASIC_BAD to NEED MORE TESTING folder

Testing training: data_103_25x10_stage18_pos200_neg400_mode_BASIC_GOOD
Copying data_103_25x10_stage18_pos200_neg400_mode_BASIC_GOOD to BAD folder

Testing training: data_104_25x10_stage18_pos200_neg400_mode_CORE_GOOD
Copying data_104_25x10_stage18_pos200_neg400_mode_CORE_GOOD to BAD folder

Testing training: data_105_25x10_stage18_pos200_neg400_mode_ALL_GOOD
Copying data_105_25x10_stage18_pos200_neg400_mode_ALL_GOOD to NEED MORE TESTING folder

Testing training: data_106_25x10_stage18_pos200_neg500_mode_BASIC_GOOD
Copying data_106_25x10_stage18_pos200_neg500_mode_BASIC_GOOD to BAD folder

Testing training: data_107_25x10_stage18_pos200_neg500_mode_CORE_GOOD
Copying data_107_25x10_stage18_pos200_neg500_mode_CORE_GOOD to BAD folder

Testing training: data_108_25x10_stage18_pos200_neg500_mode_ALL_GOOD
Copying data_108_25x10_stage18_pos200_neg500_mode_ALL_GOOD to BAD folder

Testing training: data_109_25x10_stage18_pos300_neg200_mode_BASIC_GOOD
Copying data_109_25x10_stage18_pos300_neg200_mode_BASIC_GOOD to BAD folder

Testing training: data_110_25x10_stage18_pos300_neg200_mode_CORE_GOOD
Copying data_110_25x10_stage18_pos300_neg200_mode_CORE_GOOD to NEED MORE TESTING folder

Testing training: data_111_25x10_stage18_pos300_neg200_mode_ALL_GOOD
Copying data_111_25x10_stage18_pos300_neg200_mode_ALL_GOOD to NEED MORE TESTING folder

Testing training: data_112_25x10_stage18_pos300_neg300_mode_BASIC_GOOD
Copying data_112_25x10_stage18_pos300_neg300_mode_BASIC_GOOD to GOOD folder

Testing training: data_11_25x10_stage10_pos200_neg500_mode_CORE_GOOD
Copying data_11_25x10_stage10_pos200_neg500_mode_CORE_GOOD to BAD folder

Testing training: data_113_25x10_stage18_pos300_neg300_mode_CORE_GOOD
Copying data_113_25x10_stage18_pos300_neg300_mode_CORE_GOOD to BAD folder

Testing training: data_114_25x10_stage18_pos300_neg300_mode_ALL_GOOD
Copying data_114_25x10_stage18_pos300_neg300_mode_ALL_GOOD to BAD folder

Testing training: data_115_25x10_stage18_pos300_neg400_mode_BASIC_GOOD
Copying data_115_25x10_stage18_pos300_neg400_mode_BASIC_GOOD to BAD folder

Testing training: data_116_25x10_stage18_pos300_neg400_mode_CORE_GOOD
Copying data_116_25x10_stage18_pos300_neg400_mode_CORE_GOOD to BAD folder

Testing training: data_117_25x10_stage18_pos300_neg400_mode_ALL_GOOD
Copying data_117_25x10_stage18_pos300_neg400_mode_ALL_GOOD to BAD folder

Testing training: data_118_25x10_stage18_pos300_neg500_mode_BASIC_GOOD
Copying data_118_25x10_stage18_pos300_neg500_mode_BASIC_GOOD to NEED MORE TESTING folder

Testing training: data_119_25x10_stage18_pos300_neg500_mode_CORE_GOOD
Copying data_119_25x10_stage18_pos300_neg500_mode_CORE_GOOD to BAD folder

Testing training: data_120_25x10_stage18_pos300_neg500_mode_ALL_GOOD
Copying data_120_25x10_stage18_pos300_neg500_mode_ALL_GOOD to BAD folder

Testing training: data_121_25x10_stage18_pos400_neg200_mode_BASIC_GOOD
Copying data_121_25x10_stage18_pos400_neg200_mode_BASIC_GOOD to GOOD folder

Testing training: data_122_25x10_stage18_pos400_neg200_mode_CORE_GOOD
Copying data_122_25x10_stage18_pos400_neg200_mode_CORE_GOOD to BAD folder

Testing training: data_12_25x10_stage10_pos200_neg500_mode_ALL_BAD
Copying data_12_25x10_stage10_pos200_neg500_mode_ALL_BAD to NEED MORE TESTING folder

Testing training: data_123_25x10_stage18_pos400_neg200_mode_ALL_GOOD
Copying data_123_25x10_stage18_pos400_neg200_mode_ALL_GOOD to BAD folder

Testing training: data_124_25x10_stage18_pos400_neg300_mode_BASIC_GOOD
Copying data_124_25x10_stage18_pos400_neg300_mode_BASIC_GOOD to GOOD folder

Testing training: data_125_25x10_stage18_pos400_neg300_mode_CORE_GOOD
Copying data_125_25x10_stage18_pos400_neg300_mode_CORE_GOOD to GOOD folder

Testing training: data_1_25x10_stage10_pos200_neg200_mode_BASIC_BAD
Copying data_1_25x10_stage10_pos200_neg200_mode_BASIC_BAD to BAD folder

Testing training: data_126_25x10_stage18_pos400_neg300_mode_ALL_GOOD
Copying data_126_25x10_stage18_pos400_neg300_mode_ALL_GOOD to BAD folder

Testing training: data_127_25x10_stage18_pos400_neg400_mode_BASIC_GOOD
Copying data_127_25x10_stage18_pos400_neg400_mode_BASIC_GOOD to BAD folder

Testing training: data_128_25x10_stage18_pos400_neg400_mode_CORE_GOOD
Copying data_128_25x10_stage18_pos400_neg400_mode_CORE_GOOD to BAD folder

Testing training: data_129_25x10_stage18_pos400_neg400_mode_ALL_GOOD
Copying data_129_25x10_stage18_pos400_neg400_mode_ALL_GOOD to BAD folder

Testing training: data_130_25x10_stage18_pos400_neg500_mode_BASIC_GOOD
Copying data_130_25x10_stage18_pos400_neg500_mode_BASIC_GOOD to GOOD folder

Testing training: data_131_25x10_stage18_pos400_neg500_mode_CORE_GOOD
Copying data_131_25x10_stage18_pos400_neg500_mode_CORE_GOOD to NEED MORE TESTING folder

Testing training: data_132_25x10_stage18_pos400_neg500_mode_ALL_GOOD
Copying data_132_25x10_stage18_pos400_neg500_mode_ALL_GOOD to BAD folder

Testing training: data_13_25x10_stage10_pos300_neg200_mode_BASIC_BAD
Copying data_13_25x10_stage10_pos300_neg200_mode_BASIC_BAD to BAD folder

Testing training: data_133_25x10_stage18_pos500_neg200_mode_BASIC_GOOD
Copying data_133_25x10_stage18_pos500_neg200_mode_BASIC_GOOD to NEED MORE TESTING folder

Testing training: data_134_25x10_stage18_pos500_neg200_mode_CORE_GOOD
Copying data_134_25x10_stage18_pos500_neg200_mode_CORE_GOOD to GOOD folder

Testing training: data_135_25x10_stage18_pos500_neg200_mode_ALL_GOOD
Copying data_135_25x10_stage18_pos500_neg200_mode_ALL_GOOD to NEED MORE TESTING folder

Testing training: data_136_25x10_stage18_pos500_neg300_mode_BASIC_GOOD
Copying data_136_25x10_stage18_pos500_neg300_mode_BASIC_GOOD to NEED MORE TESTING folder

Testing training: data_137_25x10_stage18_pos500_neg300_mode_CORE_GOOD
Copying data_137_25x10_stage18_pos500_neg300_mode_CORE_GOOD to GOOD folder

Testing training: data_138_25x10_stage18_pos500_neg300_mode_ALL_GOOD
Copying data_138_25x10_stage18_pos500_neg300_mode_ALL_GOOD to GOOD folder

Testing training: data_139_25x10_stage18_pos500_neg400_mode_BASIC_GOOD
Copying data_139_25x10_stage18_pos500_neg400_mode_BASIC_GOOD to GOOD folder

Testing training: data_140_25x10_stage18_pos500_neg400_mode_CORE_GOOD
Copying data_140_25x10_stage18_pos500_neg400_mode_CORE_GOOD to NEED MORE TESTING folder

Testing training: data_141_25x10_stage18_pos500_neg400_mode_ALL_GOOD
Copying data_141_25x10_stage18_pos500_neg400_mode_ALL_GOOD to BAD folder

Testing training: data_142_25x10_stage18_pos500_neg500_mode_BASIC_GOOD
Copying data_142_25x10_stage18_pos500_neg500_mode_BASIC_GOOD to BAD folder

Testing training: data_14_25x10_stage10_pos300_neg200_mode_CORE_BAD
Copying data_14_25x10_stage10_pos300_neg200_mode_CORE_BAD to NEED MORE TESTING folder

Testing training: data_143_25x10_stage18_pos500_neg500_mode_CORE_GOOD
Copying data_143_25x10_stage18_pos500_neg500_mode_CORE_GOOD to BAD folder

Testing training: data_144_25x10_stage18_pos500_neg500_mode_ALL_GOOD
Copying data_144_25x10_stage18_pos500_neg500_mode_ALL_GOOD to BAD folder

Testing training: data_145_25x10_stage22_pos200_neg200_mode_BASIC_GOOD
Copying data_145_25x10_stage22_pos200_neg200_mode_BASIC_GOOD to BAD folder

Testing training: data_146_25x10_stage22_pos200_neg200_mode_CORE_GOOD
Copying data_146_25x10_stage22_pos200_neg200_mode_CORE_GOOD to BAD folder

Testing training: data_147_25x10_stage22_pos200_neg200_mode_ALL_GOOD
Copying data_147_25x10_stage22_pos200_neg200_mode_ALL_GOOD to BAD folder

Testing training: data_148_25x10_stage22_pos200_neg300_mode_BASIC_GOOD
Copying data_148_25x10_stage22_pos200_neg300_mode_BASIC_GOOD to BAD folder

Testing training: data_149_25x10_stage22_pos200_neg300_mode_CORE_GOOD
Copying data_149_25x10_stage22_pos200_neg300_mode_CORE_GOOD to BAD folder

Testing training: data_150_25x10_stage22_pos200_neg300_mode_ALL_GOOD
Copying data_150_25x10_stage22_pos200_neg300_mode_ALL_GOOD to BAD folder

Testing training: data_151_25x10_stage22_pos200_neg400_mode_BASIC_GOOD
Copying data_151_25x10_stage22_pos200_neg400_mode_BASIC_GOOD to BAD folder

Testing training: data_152_25x10_stage22_pos200_neg400_mode_CORE_GOOD
Copying data_152_25x10_stage22_pos200_neg400_mode_CORE_GOOD to BAD folder

Testing training: data_15_25x10_stage10_pos300_neg200_mode_ALL_BAD
Copying data_15_25x10_stage10_pos300_neg200_mode_ALL_BAD to BAD folder

Testing training: data_153_25x10_stage22_pos200_neg400_mode_ALL_GOOD
Copying data_153_25x10_stage22_pos200_neg400_mode_ALL_GOOD to NEED MORE TESTING folder

Testing training: data_154_25x10_stage22_pos200_neg500_mode_BASIC_GOOD
Copying data_154_25x10_stage22_pos200_neg500_mode_BASIC_GOOD to BAD folder

Testing training: data_155_25x10_stage22_pos200_neg500_mode_CORE_GOOD
Copying data_155_25x10_stage22_pos200_neg500_mode_CORE_GOOD to BAD folder

Testing training: data_156_25x10_stage22_pos200_neg500_mode_ALL_GOOD
Copying data_156_25x10_stage22_pos200_neg500_mode_ALL_GOOD to BAD folder

Testing training: data_157_25x10_stage22_pos300_neg200_mode_BASIC_GOOD
Copying data_157_25x10_stage22_pos300_neg200_mode_BASIC_GOOD to BAD folder

Testing training: data_158_25x10_stage22_pos300_neg200_mode_CORE_GOOD
Copying data_158_25x10_stage22_pos300_neg200_mode_CORE_GOOD to NEED MORE TESTING folder

Testing training: data_159_25x10_stage22_pos300_neg200_mode_ALL_GOOD
Copying data_159_25x10_stage22_pos300_neg200_mode_ALL_GOOD to BAD folder

Testing training: data_160_25x10_stage22_pos300_neg300_mode_BASIC_GOOD
Copying data_160_25x10_stage22_pos300_neg300_mode_BASIC_GOOD to GOOD folder

Testing training: data_161_25x10_stage22_pos300_neg300_mode_CORE_GOOD
Copying data_161_25x10_stage22_pos300_neg300_mode_CORE_GOOD to BAD folder

Testing training: data_162_25x10_stage22_pos300_neg300_mode_ALL_GOOD
Copying data_162_25x10_stage22_pos300_neg300_mode_ALL_GOOD to BAD folder

Testing training: data_16_25x10_stage10_pos300_neg300_mode_BASIC_BAD
Copying data_16_25x10_stage10_pos300_neg300_mode_BASIC_BAD to NEED MORE TESTING folder

Testing training: data_163_25x10_stage22_pos300_neg400_mode_BASIC_GOOD
Copying data_163_25x10_stage22_pos300_neg400_mode_BASIC_GOOD to BAD folder

Testing training: data_164_25x10_stage22_pos300_neg400_mode_CORE_GOOD
Copying data_164_25x10_stage22_pos300_neg400_mode_CORE_GOOD to BAD folder

Testing training: data_165_25x10_stage22_pos300_neg400_mode_ALL_GOOD
Copying data_165_25x10_stage22_pos300_neg400_mode_ALL_GOOD to BAD folder

Testing training: data_166_25x10_stage22_pos300_neg500_mode_BASIC_GOOD
Copying data_166_25x10_stage22_pos300_neg500_mode_BASIC_GOOD to BAD folder

Testing training: data_167_25x10_stage22_pos300_neg500_mode_CORE_GOOD
Copying data_167_25x10_stage22_pos300_neg500_mode_CORE_GOOD to BAD folder

Testing training: data_168_25x10_stage22_pos300_neg500_mode_ALL_GOOD
Copying data_168_25x10_stage22_pos300_neg500_mode_ALL_GOOD to NEED MORE TESTING folder

Testing training: data_169_25x10_stage22_pos400_neg200_mode_BASIC_GOOD
Copying data_169_25x10_stage22_pos400_neg200_mode_BASIC_GOOD to GOOD folder

Testing training: data_170_25x10_stage22_pos400_neg200_mode_CORE_GOOD
Copying data_170_25x10_stage22_pos400_neg200_mode_CORE_GOOD to BAD folder

Testing training: data_171_25x10_stage22_pos400_neg200_mode_ALL_GOOD
Copying data_171_25x10_stage22_pos400_neg200_mode_ALL_GOOD to BAD folder

Testing training: data_172_25x10_stage22_pos400_neg300_mode_BASIC_GOOD
Copying data_172_25x10_stage22_pos400_neg300_mode_BASIC_GOOD to GOOD folder

Testing training: data_17_25x10_stage10_pos300_neg300_mode_CORE_BAD
Copying data_17_25x10_stage10_pos300_neg300_mode_CORE_BAD to BAD folder

Testing training: data_173_25x10_stage22_pos400_neg300_mode_CORE_GOOD
Copying data_173_25x10_stage22_pos400_neg300_mode_CORE_GOOD to GOOD folder

Testing training: data_174_25x10_stage22_pos400_neg300_mode_ALL_GOOD
Copying data_174_25x10_stage22_pos400_neg300_mode_ALL_GOOD to BAD folder

Testing training: data_175_25x10_stage22_pos400_neg400_mode_BASIC_GOOD
Copying data_175_25x10_stage22_pos400_neg400_mode_BASIC_GOOD to BAD folder

Testing training: data_176_25x10_stage22_pos400_neg400_mode_CORE_GOOD
Copying data_176_25x10_stage22_pos400_neg400_mode_CORE_GOOD to BAD folder

Testing training: data_177_25x10_stage22_pos400_neg400_mode_ALL_GOOD
Copying data_177_25x10_stage22_pos400_neg400_mode_ALL_GOOD to BAD folder

Testing training: data_178_25x10_stage22_pos400_neg500_mode_BASIC_GOOD
Copying data_178_25x10_stage22_pos400_neg500_mode_BASIC_GOOD to GOOD folder

Testing training: data_179_25x10_stage22_pos400_neg500_mode_CORE_GOOD
Copying data_179_25x10_stage22_pos400_neg500_mode_CORE_GOOD to NEED MORE TESTING folder

Testing training: data_180_25x10_stage22_pos400_neg500_mode_ALL_GOOD
Copying data_180_25x10_stage22_pos400_neg500_mode_ALL_GOOD to BAD folder

Testing training: data_181_25x10_stage22_pos500_neg200_mode_BASIC_GOOD
Copying data_181_25x10_stage22_pos500_neg200_mode_BASIC_GOOD to GOOD folder

Testing training: data_182_25x10_stage22_pos500_neg200_mode_CORE_GOOD
Copying data_182_25x10_stage22_pos500_neg200_mode_CORE_GOOD to GOOD folder

Testing training: data_18_25x10_stage10_pos300_neg300_mode_ALL_BAD
Copying data_18_25x10_stage10_pos300_neg300_mode_ALL_BAD to NEED MORE TESTING folder

Testing training: data_183_25x10_stage22_pos500_neg200_mode_ALL_GOOD
Copying data_183_25x10_stage22_pos500_neg200_mode_ALL_GOOD to GOOD folder

Testing training: data_184_25x10_stage22_pos500_neg300_mode_BASIC_GOOD
Copying data_184_25x10_stage22_pos500_neg300_mode_BASIC_GOOD to GOOD folder

Testing training: data_185_25x10_stage22_pos500_neg300_mode_CORE_GOOD
Copying data_185_25x10_stage22_pos500_neg300_mode_CORE_GOOD to GOOD folder

Testing training: data_186_25x10_stage22_pos500_neg300_mode_ALL_GOOD
Copying data_186_25x10_stage22_pos500_neg300_mode_ALL_GOOD to GOOD folder

Testing training: data_187_25x10_stage22_pos500_neg400_mode_BASIC_GOOD
Copying data_187_25x10_stage22_pos500_neg400_mode_BASIC_GOOD to GOOD folder

Testing training: data_188_25x10_stage22_pos500_neg400_mode_CORE_GOOD
Copying data_188_25x10_stage22_pos500_neg400_mode_CORE_GOOD to NEED MORE TESTING folder

Testing training: data_189_25x10_stage22_pos500_neg400_mode_ALL_GOOD
Copying data_189_25x10_stage22_pos500_neg400_mode_ALL_GOOD to BAD folder

Testing training: data_190_25x10_stage22_pos500_neg500_mode_BASIC_GOOD
Copying data_190_25x10_stage22_pos500_neg500_mode_BASIC_GOOD to BAD folder

Testing training: data_191_25x10_stage22_pos500_neg500_mode_CORE_GOOD
Copying data_191_25x10_stage22_pos500_neg500_mode_CORE_GOOD to BAD folder

Testing training: data_192_25x10_stage22_pos500_neg500_mode_ALL_GOOD
Copying data_192_25x10_stage22_pos500_neg500_mode_ALL_GOOD to BAD folder

Testing training: data_19_25x10_stage10_pos300_neg400_mode_BASIC_BAD
Copying data_19_25x10_stage10_pos300_neg400_mode_BASIC_BAD to NEED MORE TESTING folder

Testing training: data_193_50x20_stage10_pos200_neg200_mode_BASIC_BAD
Copying data_193_50x20_stage10_pos200_neg200_mode_BASIC_BAD to BAD folder

Testing training: data_194_50x20_stage10_pos200_neg200_mode_CORE_BAD
Copying data_194_50x20_stage10_pos200_neg200_mode_CORE_BAD to BAD folder

Testing training: data_195_50x20_stage10_pos200_neg200_mode_ALL_BAD
Copying data_195_50x20_stage10_pos200_neg200_mode_ALL_BAD to BAD folder

Testing training: data_196_50x20_stage10_pos200_neg300_mode_BASIC_BAD
Copying data_196_50x20_stage10_pos200_neg300_mode_BASIC_BAD to BAD folder

Testing training: data_197_50x20_stage10_pos200_neg300_mode_CORE_BAD
Copying data_197_50x20_stage10_pos200_neg300_mode_CORE_BAD to BAD folder

Testing training: data_198_50x20_stage10_pos200_neg300_mode_ALL_BAD
Copying data_198_50x20_stage10_pos200_neg300_mode_ALL_BAD to BAD folder

Testing training: data_199_50x20_stage10_pos200_neg400_mode_BASIC_BAD
Copying data_199_50x20_stage10_pos200_neg400_mode_BASIC_BAD to BAD folder

Testing training: data_200_50x20_stage10_pos200_neg400_mode_CORE_BAD
Copying data_200_50x20_stage10_pos200_neg400_mode_CORE_BAD to BAD folder

Testing training: data_201_50x20_stage10_pos200_neg400_mode_ALL_BAD
Copying data_201_50x20_stage10_pos200_neg400_mode_ALL_BAD to BAD folder

Testing training: data_202_50x20_stage10_pos200_neg500_mode_BASIC_BAD
Copying data_202_50x20_stage10_pos200_neg500_mode_BASIC_BAD to BAD folder

Testing training: data_20_25x10_stage10_pos300_neg400_mode_CORE_GOOD
Copying data_20_25x10_stage10_pos300_neg400_mode_CORE_GOOD to NEED MORE TESTING folder

Testing training: data_203_50x20_stage10_pos200_neg500_mode_CORE_BAD
Copying data_203_50x20_stage10_pos200_neg500_mode_CORE_BAD to BAD folder

Testing training: data_204_50x20_stage10_pos200_neg500_mode_ALL_BAD
Copying data_204_50x20_stage10_pos200_neg500_mode_ALL_BAD to BAD folder

Testing training: data_205_50x20_stage10_pos300_neg200_mode_BASIC_BAD
Copying data_205_50x20_stage10_pos300_neg200_mode_BASIC_BAD to BAD folder

Testing training: data_206_50x20_stage10_pos300_neg200_mode_CORE_BAD
Copying data_206_50x20_stage10_pos300_neg200_mode_CORE_BAD to BAD folder

Testing training: data_207_50x20_stage10_pos300_neg200_mode_ALL_BAD
Copying data_207_50x20_stage10_pos300_neg200_mode_ALL_BAD to BAD folder

Testing training: data_208_50x20_stage10_pos300_neg300_mode_BASIC_BAD
Copying data_208_50x20_stage10_pos300_neg300_mode_BASIC_BAD to BAD folder

Testing training: data_209_50x20_stage10_pos300_neg300_mode_CORE_BAD
Copying data_209_50x20_stage10_pos300_neg300_mode_CORE_BAD to BAD folder

Testing training: data_210_50x20_stage10_pos300_neg300_mode_ALL_BAD
Copying data_210_50x20_stage10_pos300_neg300_mode_ALL_BAD to BAD folder

Testing training: data_211_50x20_stage10_pos300_neg400_mode_BASIC_BAD
Copying data_211_50x20_stage10_pos300_neg400_mode_BASIC_BAD to BAD folder

Testing training: data_212_50x20_stage10_pos300_neg400_mode_CORE_BAD
Copying data_212_50x20_stage10_pos300_neg400_mode_CORE_BAD to BAD folder

Testing training: data_21_25x10_stage10_pos300_neg400_mode_ALL_BAD
Copying data_21_25x10_stage10_pos300_neg400_mode_ALL_BAD to BAD folder

Testing training: data_213_50x20_stage10_pos300_neg400_mode_ALL_BAD
Copying data_213_50x20_stage10_pos300_neg400_mode_ALL_BAD to BAD folder

Testing training: data_214_50x20_stage10_pos300_neg500_mode_BASIC_BAD
Copying data_214_50x20_stage10_pos300_neg500_mode_BASIC_BAD to BAD folder

Testing training: data_215_50x20_stage10_pos300_neg500_mode_CORE_GOOD
Copying data_215_50x20_stage10_pos300_neg500_mode_CORE_GOOD to BAD folder

Testing training: data_216_50x20_stage10_pos300_neg500_mode_ALL_BAD
Copying data_216_50x20_stage10_pos300_neg500_mode_ALL_BAD to BAD folder

Testing training: data_217_50x20_stage10_pos400_neg200_mode_BASIC_BAD
Copying data_217_50x20_stage10_pos400_neg200_mode_BASIC_BAD to BAD folder

Testing training: data_218_50x20_stage10_pos400_neg200_mode_CORE_BAD
Copying data_218_50x20_stage10_pos400_neg200_mode_CORE_BAD to BAD folder

Testing training: data_219_50x20_stage10_pos400_neg200_mode_ALL_BAD
Copying data_219_50x20_stage10_pos400_neg200_mode_ALL_BAD to BAD folder

Testing training: data_220_50x20_stage10_pos400_neg300_mode_BASIC_BAD
Copying data_220_50x20_stage10_pos400_neg300_mode_BASIC_BAD to BAD folder

Testing training: data_221_50x20_stage10_pos400_neg300_mode_CORE_BAD
Copying data_221_50x20_stage10_pos400_neg300_mode_CORE_BAD to BAD folder

Testing training: data_222_50x20_stage10_pos400_neg300_mode_ALL_BAD
Copying data_222_50x20_stage10_pos400_neg300_mode_ALL_BAD to BAD folder

Testing training: data_22_25x10_stage10_pos300_neg500_mode_BASIC_BAD
Copying data_22_25x10_stage10_pos300_neg500_mode_BASIC_BAD to NEED MORE TESTING folder

Testing training: data_223_50x20_stage10_pos400_neg400_mode_BASIC_BAD
Copying data_223_50x20_stage10_pos400_neg400_mode_BASIC_BAD to BAD folder

Testing training: data_224_50x20_stage10_pos400_neg400_mode_CORE_BAD
Copying data_224_50x20_stage10_pos400_neg400_mode_CORE_BAD to BAD folder

Testing training: data_225_50x20_stage10_pos400_neg400_mode_ALL_BAD
Copying data_225_50x20_stage10_pos400_neg400_mode_ALL_BAD to BAD folder

Testing training: data_2_25x10_stage10_pos200_neg200_mode_CORE_GOOD
Copying data_2_25x10_stage10_pos200_neg200_mode_CORE_GOOD to BAD folder

Testing training: data_226_50x20_stage10_pos400_neg500_mode_BASIC_BAD
Copying data_226_50x20_stage10_pos400_neg500_mode_BASIC_BAD to BAD folder

Testing training: data_227_50x20_stage10_pos400_neg500_mode_CORE_BAD
Copying data_227_50x20_stage10_pos400_neg500_mode_CORE_BAD to BAD folder

Testing training: data_228_50x20_stage10_pos400_neg500_mode_ALL_BAD
Copying data_228_50x20_stage10_pos400_neg500_mode_ALL_BAD to BAD folder

Testing training: data_229_50x20_stage10_pos500_neg200_mode_BASIC_BAD
Copying data_229_50x20_stage10_pos500_neg200_mode_BASIC_BAD to BAD folder

Testing training: data_230_50x20_stage10_pos500_neg200_mode_CORE_BAD
Copying data_230_50x20_stage10_pos500_neg200_mode_CORE_BAD to BAD folder

Testing training: data_231_50x20_stage10_pos500_neg200_mode_ALL_BAD
Copying data_231_50x20_stage10_pos500_neg200_mode_ALL_BAD to BAD folder

Testing training: data_232_50x20_stage10_pos500_neg300_mode_BASIC_BAD
Copying data_232_50x20_stage10_pos500_neg300_mode_BASIC_BAD to BAD folder

Testing training: data_23_25x10_stage10_pos300_neg500_mode_CORE_GOOD
Copying data_23_25x10_stage10_pos300_neg500_mode_CORE_GOOD to NEED MORE TESTING folder

Testing training: data_233_50x20_stage10_pos500_neg300_mode_CORE_BAD
Copying data_233_50x20_stage10_pos500_neg300_mode_CORE_BAD to BAD folder

Testing training: data_234_50x20_stage10_pos500_neg300_mode_ALL_BAD
Copying data_234_50x20_stage10_pos500_neg300_mode_ALL_BAD to BAD folder

Testing training: data_235_50x20_stage10_pos500_neg400_mode_BASIC_BAD
Copying data_235_50x20_stage10_pos500_neg400_mode_BASIC_BAD to BAD folder

Testing training: data_236_50x20_stage10_pos500_neg400_mode_CORE_BAD
Copying data_236_50x20_stage10_pos500_neg400_mode_CORE_BAD to BAD folder

Testing training: data_237_50x20_stage10_pos500_neg400_mode_ALL_BAD
Copying data_237_50x20_stage10_pos500_neg400_mode_ALL_BAD to BAD folder

Testing training: data_238_50x20_stage10_pos500_neg500_mode_BASIC_BAD
Copying data_238_50x20_stage10_pos500_neg500_mode_BASIC_BAD to BAD folder

Testing training: data_239_50x20_stage10_pos500_neg500_mode_CORE_BAD
Copying data_239_50x20_stage10_pos500_neg500_mode_CORE_BAD to BAD folder

Testing training: data_240_50x20_stage10_pos500_neg500_mode_ALL_BAD
Copying data_240_50x20_stage10_pos500_neg500_mode_ALL_BAD to BAD folder

Testing training: data_241_50x20_stage14_pos200_neg200_mode_BASIC_BAD
Copying data_241_50x20_stage14_pos200_neg200_mode_BASIC_BAD to BAD folder

Testing training: data_242_50x20_stage14_pos200_neg200_mode_CORE_GOOD
Copying data_242_50x20_stage14_pos200_neg200_mode_CORE_GOOD to NEED MORE TESTING folder

Testing training: data_24_25x10_stage10_pos300_neg500_mode_ALL_GOOD
Copying data_24_25x10_stage10_pos300_neg500_mode_ALL_GOOD to NEED MORE TESTING folder

Testing training: data_243_50x20_stage14_pos200_neg200_mode_ALL_BAD
Copying data_243_50x20_stage14_pos200_neg200_mode_ALL_BAD to NEED MORE TESTING folder

Testing training: data_244_50x20_stage14_pos200_neg300_mode_BASIC_BAD
Copying data_244_50x20_stage14_pos200_neg300_mode_BASIC_BAD to NEED MORE TESTING folder

Testing training: data_245_50x20_stage14_pos200_neg300_mode_CORE_BAD
Copying data_245_50x20_stage14_pos200_neg300_mode_CORE_BAD to NEED MORE TESTING folder

Testing training: data_246_50x20_stage14_pos200_neg300_mode_ALL_BAD
Copying data_246_50x20_stage14_pos200_neg300_mode_ALL_BAD to BAD folder

Testing training: data_247_50x20_stage14_pos200_neg400_mode_BASIC_BAD
Copying data_247_50x20_stage14_pos200_neg400_mode_BASIC_BAD to BAD folder

Testing training: data_248_50x20_stage14_pos200_neg400_mode_CORE_BAD
Copying data_248_50x20_stage14_pos200_neg400_mode_CORE_BAD to BAD folder

Testing training: data_249_50x20_stage14_pos200_neg400_mode_ALL_BAD
Copying data_249_50x20_stage14_pos200_neg400_mode_ALL_BAD to NEED MORE TESTING folder

Testing training: data_250_50x20_stage14_pos200_neg500_mode_BASIC_BAD
Copying data_250_50x20_stage14_pos200_neg500_mode_BASIC_BAD to BAD folder

Testing training: data_251_50x20_stage14_pos200_neg500_mode_CORE_BAD
Copying data_251_50x20_stage14_pos200_neg500_mode_CORE_BAD to BAD folder

Testing training: data_252_50x20_stage14_pos200_neg500_mode_ALL_BAD
Copying data_252_50x20_stage14_pos200_neg500_mode_ALL_BAD to NEED MORE TESTING folder

Testing training: data_25_25x10_stage10_pos400_neg200_mode_BASIC_BAD
Copying data_25_25x10_stage10_pos400_neg200_mode_BASIC_BAD to BAD folder

Testing training: data_253_50x20_stage14_pos300_neg200_mode_BASIC_BAD
Copying data_253_50x20_stage14_pos300_neg200_mode_BASIC_BAD to BAD folder

Testing training: data_254_50x20_stage14_pos300_neg200_mode_CORE_BAD
Copying data_254_50x20_stage14_pos300_neg200_mode_CORE_BAD to NEED MORE TESTING folder

Testing training: data_255_50x20_stage14_pos300_neg200_mode_ALL_BAD
Copying data_255_50x20_stage14_pos300_neg200_mode_ALL_BAD to BAD folder

Testing training: data_256_50x20_stage14_pos300_neg300_mode_BASIC_BAD
Copying data_256_50x20_stage14_pos300_neg300_mode_BASIC_BAD to NEED MORE TESTING folder

Testing training: data_257_50x20_stage14_pos300_neg300_mode_CORE_GOOD
Copying data_257_50x20_stage14_pos300_neg300_mode_CORE_GOOD to NEED MORE TESTING folder

Testing training: data_258_50x20_stage14_pos300_neg300_mode_ALL_BAD
Copying data_258_50x20_stage14_pos300_neg300_mode_ALL_BAD to NEED MORE TESTING folder

Testing training: data_259_50x20_stage14_pos300_neg400_mode_BASIC_BAD
Copying data_259_50x20_stage14_pos300_neg400_mode_BASIC_BAD to NEED MORE TESTING folder

Testing training: data_260_50x20_stage14_pos300_neg400_mode_CORE_BAD
Copying data_260_50x20_stage14_pos300_neg400_mode_CORE_BAD to NEED MORE TESTING folder

Testing training: data_261_50x20_stage14_pos300_neg400_mode_ALL_BAD
Copying data_261_50x20_stage14_pos300_neg400_mode_ALL_BAD to NEED MORE TESTING folder

Testing training: data_262_50x20_stage14_pos300_neg500_mode_BASIC_GOOD
Copying data_262_50x20_stage14_pos300_neg500_mode_BASIC_GOOD to BAD folder

Testing training: data_26_25x10_stage10_pos400_neg200_mode_CORE_BAD
Copying data_26_25x10_stage10_pos400_neg200_mode_CORE_BAD to NEED MORE TESTING folder

Testing training: data_263_50x20_stage14_pos300_neg500_mode_CORE_GOOD
Copying data_263_50x20_stage14_pos300_neg500_mode_CORE_GOOD to NEED MORE TESTING folder

Testing training: data_264_50x20_stage14_pos300_neg500_mode_ALL_BAD
Copying data_264_50x20_stage14_pos300_neg500_mode_ALL_BAD to NEED MORE TESTING folder

Testing training: data_265_50x20_stage14_pos400_neg200_mode_BASIC_BAD
Copying data_265_50x20_stage14_pos400_neg200_mode_BASIC_BAD to BAD folder

Testing training: data_266_50x20_stage14_pos400_neg200_mode_CORE_BAD
Copying data_266_50x20_stage14_pos400_neg200_mode_CORE_BAD to BAD folder

Testing training: data_267_50x20_stage14_pos400_neg200_mode_ALL_BAD
Copying data_267_50x20_stage14_pos400_neg200_mode_ALL_BAD to BAD folder

Testing training: data_268_50x20_stage14_pos400_neg300_mode_BASIC_BAD
Copying data_268_50x20_stage14_pos400_neg300_mode_BASIC_BAD to BAD folder

Testing training: data_269_50x20_stage14_pos400_neg300_mode_CORE_BAD
Copying data_269_50x20_stage14_pos400_neg300_mode_CORE_BAD to NEED MORE TESTING folder

Testing training: data_270_50x20_stage14_pos400_neg300_mode_ALL_BAD
Copying data_270_50x20_stage14_pos400_neg300_mode_ALL_BAD to BAD folder

Testing training: data_271_50x20_stage14_pos400_neg400_mode_BASIC_BAD
Copying data_271_50x20_stage14_pos400_neg400_mode_BASIC_BAD to BAD folder

Testing training: data_272_50x20_stage14_pos400_neg400_mode_CORE_BAD
Copying data_272_50x20_stage14_pos400_neg400_mode_CORE_BAD to BAD folder

Testing training: data_27_25x10_stage10_pos400_neg200_mode_ALL_BAD
Copying data_27_25x10_stage10_pos400_neg200_mode_ALL_BAD to BAD folder

Testing training: data_273_50x20_stage14_pos400_neg400_mode_ALL_BAD
Copying data_273_50x20_stage14_pos400_neg400_mode_ALL_BAD to BAD folder

Testing training: data_274_50x20_stage14_pos400_neg500_mode_BASIC_BAD
Copying data_274_50x20_stage14_pos400_neg500_mode_BASIC_BAD to BAD folder

Testing training: data_275_50x20_stage14_pos400_neg500_mode_CORE_BAD
Copying data_275_50x20_stage14_pos400_neg500_mode_CORE_BAD to BAD folder

Testing training: data_276_50x20_stage14_pos400_neg500_mode_ALL_BAD
Copying data_276_50x20_stage14_pos400_neg500_mode_ALL_BAD to NEED MORE TESTING folder

Testing training: data_277_50x20_stage14_pos500_neg200_mode_BASIC_BAD
Copying data_277_50x20_stage14_pos500_neg200_mode_BASIC_BAD to NEED MORE TESTING folder

Testing training: data_278_50x20_stage14_pos500_neg200_mode_CORE_BAD
Copying data_278_50x20_stage14_pos500_neg200_mode_CORE_BAD to BAD folder

Testing training: data_279_50x20_stage14_pos500_neg200_mode_ALL_BAD
Copying data_279_50x20_stage14_pos500_neg200_mode_ALL_BAD to BAD folder

Testing training: data_280_50x20_stage14_pos500_neg300_mode_BASIC_BAD
Copying data_280_50x20_stage14_pos500_neg300_mode_BASIC_BAD to BAD folder

Testing training: data_281_50x20_stage14_pos500_neg300_mode_CORE_BAD
Copying data_281_50x20_stage14_pos500_neg300_mode_CORE_BAD to NEED MORE TESTING folder

Testing training: data_282_50x20_stage14_pos500_neg300_mode_ALL_BAD
Copying data_282_50x20_stage14_pos500_neg300_mode_ALL_BAD to NEED MORE TESTING folder

Testing training: data_28_25x10_stage10_pos400_neg300_mode_BASIC_BAD
Copying data_28_25x10_stage10_pos400_neg300_mode_BASIC_BAD to BAD folder

Testing training: data_283_50x20_stage14_pos500_neg400_mode_BASIC_BAD
Copying data_283_50x20_stage14_pos500_neg400_mode_BASIC_BAD to NEED MORE TESTING folder

Testing training: data_284_50x20_stage14_pos500_neg400_mode_CORE_BAD
Copying data_284_50x20_stage14_pos500_neg400_mode_CORE_BAD to BAD folder

Testing training: data_285_50x20_stage14_pos500_neg400_mode_ALL_BAD
Copying data_285_50x20_stage14_pos500_neg400_mode_ALL_BAD to BAD folder

Testing training: data_286_50x20_stage14_pos500_neg500_mode_BASIC_BAD
Copying data_286_50x20_stage14_pos500_neg500_mode_BASIC_BAD to NEED MORE TESTING folder

Testing training: data_287_50x20_stage14_pos500_neg500_mode_CORE_BAD
Copying data_287_50x20_stage14_pos500_neg500_mode_CORE_BAD to BAD folder

Testing training: data_288_50x20_stage14_pos500_neg500_mode_ALL_BAD
Copying data_288_50x20_stage14_pos500_neg500_mode_ALL_BAD to BAD folder

Testing training: data_289_50x20_stage18_pos200_neg200_mode_BASIC_GOOD
Copying data_289_50x20_stage18_pos200_neg200_mode_BASIC_GOOD to BAD folder

Testing training: data_290_50x20_stage18_pos200_neg200_mode_CORE_GOOD
Copying data_290_50x20_stage18_pos200_neg200_mode_CORE_GOOD to GOOD folder

Testing training: data_291_50x20_stage18_pos200_neg200_mode_ALL_GOOD
Copying data_291_50x20_stage18_pos200_neg200_mode_ALL_GOOD to NEED MORE TESTING folder

Testing training: data_292_50x20_stage18_pos200_neg300_mode_BASIC_BAD
Copying data_292_50x20_stage18_pos200_neg300_mode_BASIC_BAD to NEED MORE TESTING folder

Testing training: data_29_25x10_stage10_pos400_neg300_mode_CORE_BAD
Copying data_29_25x10_stage10_pos400_neg300_mode_CORE_BAD to NEED MORE TESTING folder

Testing training: data_293_50x20_stage18_pos200_neg300_mode_CORE_BAD
Copying data_293_50x20_stage18_pos200_neg300_mode_CORE_BAD to NEED MORE TESTING folder

Testing training: data_294_50x20_stage18_pos200_neg300_mode_ALL_BAD
Copying data_294_50x20_stage18_pos200_neg300_mode_ALL_BAD to BAD folder

Testing training: data_295_50x20_stage18_pos200_neg400_mode_BASIC_BAD
Copying data_295_50x20_stage18_pos200_neg400_mode_BASIC_BAD to NEED MORE TESTING folder

Testing training: data_296_50x20_stage18_pos200_neg400_mode_CORE_BAD
Copying data_296_50x20_stage18_pos200_neg400_mode_CORE_BAD to BAD folder

Testing training: data_297_50x20_stage18_pos200_neg400_mode_ALL_BAD
Copying data_297_50x20_stage18_pos200_neg400_mode_ALL_BAD to NEED MORE TESTING folder

Testing training: data_298_50x20_stage18_pos200_neg500_mode_BASIC_BAD
Copying data_298_50x20_stage18_pos200_neg500_mode_BASIC_BAD to BAD folder

Testing training: data_299_50x20_stage18_pos200_neg500_mode_CORE_BAD
Copying data_299_50x20_stage18_pos200_neg500_mode_CORE_BAD to NEED MORE TESTING folder

Testing training: data_300_50x20_stage18_pos200_neg500_mode_ALL_BAD
Copying data_300_50x20_stage18_pos200_neg500_mode_ALL_BAD to NEED MORE TESTING folder

Testing training: data_301_50x20_stage18_pos300_neg200_mode_BASIC_GOOD
Copying data_301_50x20_stage18_pos300_neg200_mode_BASIC_GOOD to NEED MORE TESTING folder

Testing training: data_302_50x20_stage18_pos300_neg200_mode_CORE_BAD
Copying data_302_50x20_stage18_pos300_neg200_mode_CORE_BAD to NEED MORE TESTING folder

Testing training: data_30_25x10_stage10_pos400_neg300_mode_ALL_BAD
Copying data_30_25x10_stage10_pos400_neg300_mode_ALL_BAD to NEED MORE TESTING folder

Testing training: data_303_50x20_stage18_pos300_neg200_mode_ALL_BAD
Copying data_303_50x20_stage18_pos300_neg200_mode_ALL_BAD to NEED MORE TESTING folder

Testing training: data_304_50x20_stage18_pos300_neg300_mode_BASIC_BAD
Copying data_304_50x20_stage18_pos300_neg300_mode_BASIC_BAD to NEED MORE TESTING folder

Testing training: data_305_50x20_stage18_pos300_neg300_mode_CORE_GOOD
Copying data_305_50x20_stage18_pos300_neg300_mode_CORE_GOOD to NEED MORE TESTING folder

Testing training: data_306_50x20_stage18_pos300_neg300_mode_ALL_GOOD
Copying data_306_50x20_stage18_pos300_neg300_mode_ALL_GOOD to NEED MORE TESTING folder

Testing training: data_307_50x20_stage18_pos300_neg400_mode_BASIC_GOOD
Copying data_307_50x20_stage18_pos300_neg400_mode_BASIC_GOOD to GOOD folder

Testing training: data_308_50x20_stage18_pos300_neg400_mode_CORE_BAD
Copying data_308_50x20_stage18_pos300_neg400_mode_CORE_BAD to NEED MORE TESTING folder

Testing training: data_309_50x20_stage18_pos300_neg400_mode_ALL_GOOD
Copying data_309_50x20_stage18_pos300_neg400_mode_ALL_GOOD to NEED MORE TESTING folder

Testing training: data_310_50x20_stage18_pos300_neg500_mode_BASIC_GOOD
Copying data_310_50x20_stage18_pos300_neg500_mode_BASIC_GOOD to BAD folder

Testing training: data_311_50x20_stage18_pos300_neg500_mode_CORE_BAD
Copying data_311_50x20_stage18_pos300_neg500_mode_CORE_BAD to NEED MORE TESTING folder

Testing training: data_312_50x20_stage18_pos300_neg500_mode_ALL_BAD
Copying data_312_50x20_stage18_pos300_neg500_mode_ALL_BAD to NEED MORE TESTING folder

Testing training: data_31_25x10_stage10_pos400_neg400_mode_BASIC_BAD
Copying data_31_25x10_stage10_pos400_neg400_mode_BASIC_BAD to BAD folder

Testing training: data_313_50x20_stage18_pos400_neg200_mode_BASIC_BAD
Copying data_313_50x20_stage18_pos400_neg200_mode_BASIC_BAD to NEED MORE TESTING folder

Testing training: data_314_50x20_stage18_pos400_neg200_mode_CORE_BAD
Copying data_314_50x20_stage18_pos400_neg200_mode_CORE_BAD to BAD folder

Testing training: data_315_50x20_stage18_pos400_neg200_mode_ALL_BAD
Copying data_315_50x20_stage18_pos400_neg200_mode_ALL_BAD to GOOD folder

Testing training: data_316_50x20_stage18_pos400_neg300_mode_BASIC_GOOD
Copying data_316_50x20_stage18_pos400_neg300_mode_BASIC_GOOD to BAD folder

Testing training: data_317_50x20_stage18_pos400_neg300_mode_CORE_BAD
Copying data_317_50x20_stage18_pos400_neg300_mode_CORE_BAD to NEED MORE TESTING folder

Testing training: data_318_50x20_stage18_pos400_neg300_mode_ALL_GOOD
Copying data_318_50x20_stage18_pos400_neg300_mode_ALL_GOOD to BAD folder

Testing training: data_319_50x20_stage18_pos400_neg400_mode_BASIC_BAD
Copying data_319_50x20_stage18_pos400_neg400_mode_BASIC_BAD to NEED MORE TESTING folder

Testing training: data_320_50x20_stage18_pos400_neg400_mode_CORE_BAD
Copying data_320_50x20_stage18_pos400_neg400_mode_CORE_BAD to NEED MORE TESTING folder

Testing training: data_321_50x20_stage18_pos400_neg400_mode_ALL_BAD
Copying data_321_50x20_stage18_pos400_neg400_mode_ALL_BAD to BAD folder

Testing training: data_322_50x20_stage18_pos400_neg500_mode_BASIC_BAD
Copying data_322_50x20_stage18_pos400_neg500_mode_BASIC_BAD to NEED MORE TESTING folder

Testing training: data_32_25x10_stage10_pos400_neg400_mode_CORE_BAD
Copying data_32_25x10_stage10_pos400_neg400_mode_CORE_BAD to BAD folder

Testing training: data_323_50x20_stage18_pos400_neg500_mode_CORE_BAD
Copying data_323_50x20_stage18_pos400_neg500_mode_CORE_BAD to BAD folder

Testing training: data_324_50x20_stage18_pos400_neg500_mode_ALL_BAD
Copying data_324_50x20_stage18_pos400_neg500_mode_ALL_BAD to NEED MORE TESTING folder

Testing training: data_325_50x20_stage18_pos500_neg200_mode_BASIC_BAD
Copying data_325_50x20_stage18_pos500_neg200_mode_BASIC_BAD to NEED MORE TESTING folder

Testing training: data_3_25x10_stage10_pos200_neg200_mode_ALL_BAD
Copying data_3_25x10_stage10_pos200_neg200_mode_ALL_BAD to NEED MORE TESTING folder

Testing training: data_326_50x20_stage18_pos500_neg200_mode_CORE_BAD
Copying data_326_50x20_stage18_pos500_neg200_mode_CORE_BAD to NEED MORE TESTING folder

Testing training: data_327_50x20_stage18_pos500_neg200_mode_ALL_BAD
Copying data_327_50x20_stage18_pos500_neg200_mode_ALL_BAD to NEED MORE TESTING folder

Testing training: data_328_50x20_stage18_pos500_neg300_mode_BASIC_GOOD
Copying data_328_50x20_stage18_pos500_neg300_mode_BASIC_GOOD to NEED MORE TESTING folder

Testing training: data_329_50x20_stage18_pos500_neg300_mode_CORE_BAD
Copying data_329_50x20_stage18_pos500_neg300_mode_CORE_BAD to NEED MORE TESTING folder

Testing training: data_330_50x20_stage18_pos500_neg300_mode_ALL_BAD
Copying data_330_50x20_stage18_pos500_neg300_mode_ALL_BAD to NEED MORE TESTING folder

Testing training: data_331_50x20_stage18_pos500_neg400_mode_BASIC_GOOD
Copying data_331_50x20_stage18_pos500_neg400_mode_BASIC_GOOD to NEED MORE TESTING folder

Testing training: data_332_50x20_stage18_pos500_neg400_mode_CORE_BAD
Copying data_332_50x20_stage18_pos500_neg400_mode_CORE_BAD to NEED MORE TESTING folder

Testing training: data_33_25x10_stage10_pos400_neg400_mode_ALL_BAD
Copying data_33_25x10_stage10_pos400_neg400_mode_ALL_BAD to NEED MORE TESTING folder

Testing training: data_333_50x20_stage18_pos500_neg400_mode_ALL_BAD
Copying data_333_50x20_stage18_pos500_neg400_mode_ALL_BAD to BAD folder

Testing training: data_334_50x20_stage18_pos500_neg500_mode_BASIC_BAD
Copying data_334_50x20_stage18_pos500_neg500_mode_BASIC_BAD to NEED MORE TESTING folder

Testing training: data_335_50x20_stage18_pos500_neg500_mode_CORE_GOOD
Copying data_335_50x20_stage18_pos500_neg500_mode_CORE_GOOD to BAD folder

Testing training: data_336_50x20_stage18_pos500_neg500_mode_ALL_BAD
Copying data_336_50x20_stage18_pos500_neg500_mode_ALL_BAD to BAD folder

Testing training: data_337_50x20_stage22_pos200_neg200_mode_BASIC_GOOD
Copying data_337_50x20_stage22_pos200_neg200_mode_BASIC_GOOD to BAD folder

Testing training: data_338_50x20_stage22_pos200_neg200_mode_CORE_GOOD
Copying data_338_50x20_stage22_pos200_neg200_mode_CORE_GOOD to GOOD folder

Testing training: data_339_50x20_stage22_pos200_neg200_mode_ALL_GOOD
Copying data_339_50x20_stage22_pos200_neg200_mode_ALL_GOOD to NEED MORE TESTING folder

Testing training: data_340_50x20_stage22_pos200_neg300_mode_BASIC_BAD
Copying data_340_50x20_stage22_pos200_neg300_mode_BASIC_BAD to NEED MORE TESTING folder

Testing training: data_341_50x20_stage22_pos200_neg300_mode_CORE_BAD
Copying data_341_50x20_stage22_pos200_neg300_mode_CORE_BAD to NEED MORE TESTING folder

Testing training: data_342_50x20_stage22_pos200_neg300_mode_ALL_BAD
Copying data_342_50x20_stage22_pos200_neg300_mode_ALL_BAD to BAD folder

Testing training: data_34_25x10_stage10_pos400_neg500_mode_BASIC_BAD
Copying data_34_25x10_stage10_pos400_neg500_mode_BASIC_BAD to NEED MORE TESTING folder

Testing training: data_343_50x20_stage22_pos200_neg400_mode_BASIC_BAD
Copying data_343_50x20_stage22_pos200_neg400_mode_BASIC_BAD to NEED MORE TESTING folder

Testing training: data_344_50x20_stage22_pos200_neg400_mode_CORE_BAD
Copying data_344_50x20_stage22_pos200_neg400_mode_CORE_BAD to BAD folder

Testing training: data_345_50x20_stage22_pos200_neg400_mode_ALL_BAD
Copying data_345_50x20_stage22_pos200_neg400_mode_ALL_BAD to NEED MORE TESTING folder

Testing training: data_346_50x20_stage22_pos200_neg500_mode_BASIC_BAD
Copying data_346_50x20_stage22_pos200_neg500_mode_BASIC_BAD to BAD folder

Testing training: data_347_50x20_stage22_pos200_neg500_mode_CORE_GOOD
Copying data_347_50x20_stage22_pos200_neg500_mode_CORE_GOOD to NEED MORE TESTING folder

Testing training: data_348_50x20_stage22_pos200_neg500_mode_ALL_BAD
Copying data_348_50x20_stage22_pos200_neg500_mode_ALL_BAD to NEED MORE TESTING folder

Testing training: data_349_50x20_stage22_pos300_neg200_mode_BASIC_GOOD
Copying data_349_50x20_stage22_pos300_neg200_mode_BASIC_GOOD to NEED MORE TESTING folder

Testing training: data_350_50x20_stage22_pos300_neg200_mode_CORE_GOOD
Copying data_350_50x20_stage22_pos300_neg200_mode_CORE_GOOD to NEED MORE TESTING folder

Testing training: data_351_50x20_stage22_pos300_neg200_mode_ALL_BAD
Copying data_351_50x20_stage22_pos300_neg200_mode_ALL_BAD to NEED MORE TESTING folder

Testing training: data_352_50x20_stage22_pos300_neg300_mode_BASIC_GOOD
Copying data_352_50x20_stage22_pos300_neg300_mode_BASIC_GOOD to NEED MORE TESTING folder

Testing training: data_35_25x10_stage10_pos400_neg500_mode_CORE_GOOD
Copying data_35_25x10_stage10_pos400_neg500_mode_CORE_GOOD to NEED MORE TESTING folder

Testing training: data_353_50x20_stage22_pos300_neg300_mode_CORE_GOOD
Copying data_353_50x20_stage22_pos300_neg300_mode_CORE_GOOD to NEED MORE TESTING folder

Testing training: data_354_50x20_stage22_pos300_neg300_mode_ALL_GOOD
Copying data_354_50x20_stage22_pos300_neg300_mode_ALL_GOOD to NEED MORE TESTING folder

Testing training: data_355_50x20_stage22_pos300_neg400_mode_BASIC_GOOD
Copying data_355_50x20_stage22_pos300_neg400_mode_BASIC_GOOD to GOOD folder

Testing training: data_356_50x20_stage22_pos300_neg400_mode_CORE_BAD
Copying data_356_50x20_stage22_pos300_neg400_mode_CORE_BAD to NEED MORE TESTING folder

Testing training: data_357_50x20_stage22_pos300_neg400_mode_ALL_GOOD
Copying data_357_50x20_stage22_pos300_neg400_mode_ALL_GOOD to NEED MORE TESTING folder

Testing training: data_358_50x20_stage22_pos300_neg500_mode_BASIC_GOOD
Copying data_358_50x20_stage22_pos300_neg500_mode_BASIC_GOOD to BAD folder

Testing training: data_359_50x20_stage22_pos300_neg500_mode_CORE_BAD
Copying data_359_50x20_stage22_pos300_neg500_mode_CORE_BAD to NEED MORE TESTING folder

Testing training: data_360_50x20_stage22_pos300_neg500_mode_ALL_BAD
Copying data_360_50x20_stage22_pos300_neg500_mode_ALL_BAD to NEED MORE TESTING folder

Testing training: data_361_50x20_stage22_pos400_neg200_mode_BASIC_BAD
Copying data_361_50x20_stage22_pos400_neg200_mode_BASIC_BAD to NEED MORE TESTING folder

Testing training: data_362_50x20_stage22_pos400_neg200_mode_CORE_BAD
Copying data_362_50x20_stage22_pos400_neg200_mode_CORE_BAD to BAD folder

Testing training: data_36_25x10_stage10_pos400_neg500_mode_ALL_BAD
Copying data_36_25x10_stage10_pos400_neg500_mode_ALL_BAD to BAD folder

Testing training: data_363_50x20_stage22_pos400_neg200_mode_ALL_GOOD
Copying data_363_50x20_stage22_pos400_neg200_mode_ALL_GOOD to NEED MORE TESTING folder

Testing training: data_364_50x20_stage22_pos400_neg300_mode_BASIC_GOOD
Copying data_364_50x20_stage22_pos400_neg300_mode_BASIC_GOOD to BAD folder

Testing training: data_365_50x20_stage22_pos400_neg300_mode_CORE_BAD
Copying data_365_50x20_stage22_pos400_neg300_mode_CORE_BAD to NEED MORE TESTING folder

Testing training: data_366_50x20_stage22_pos400_neg300_mode_ALL_GOOD
Copying data_366_50x20_stage22_pos400_neg300_mode_ALL_GOOD to BAD folder

Testing training: data_367_50x20_stage22_pos400_neg400_mode_BASIC_BAD
Copying data_367_50x20_stage22_pos400_neg400_mode_BASIC_BAD to NEED MORE TESTING folder

Testing training: data_368_50x20_stage22_pos400_neg400_mode_CORE_BAD
Copying data_368_50x20_stage22_pos400_neg400_mode_CORE_BAD to NEED MORE TESTING folder

Testing training: data_369_50x20_stage22_pos400_neg400_mode_ALL_BAD
Copying data_369_50x20_stage22_pos400_neg400_mode_ALL_BAD to BAD folder

Testing training: data_370_50x20_stage22_pos400_neg500_mode_BASIC_BAD
Copying data_370_50x20_stage22_pos400_neg500_mode_BASIC_BAD to NEED MORE TESTING folder

Testing training: data_371_50x20_stage22_pos400_neg500_mode_CORE_BAD
Copying data_371_50x20_stage22_pos400_neg500_mode_CORE_BAD to BAD folder

Testing training: data_372_50x20_stage22_pos400_neg500_mode_ALL_BAD
Copying data_372_50x20_stage22_pos400_neg500_mode_ALL_BAD to NEED MORE TESTING folder

Testing training: data_37_25x10_stage10_pos500_neg200_mode_BASIC_BAD
Copying data_37_25x10_stage10_pos500_neg200_mode_BASIC_BAD to BAD folder

Testing training: data_373_50x20_stage22_pos500_neg200_mode_BASIC_BAD
Copying data_373_50x20_stage22_pos500_neg200_mode_BASIC_BAD to BAD folder

Testing training: data_374_50x20_stage22_pos500_neg200_mode_CORE_GOOD
Copying data_374_50x20_stage22_pos500_neg200_mode_CORE_GOOD to NEED MORE TESTING folder

Testing training: data_375_50x20_stage22_pos500_neg200_mode_ALL_GOOD
Copying data_375_50x20_stage22_pos500_neg200_mode_ALL_GOOD to NEED MORE TESTING folder

Testing training: data_376_50x20_stage22_pos500_neg300_mode_BASIC_GOOD
Copying data_376_50x20_stage22_pos500_neg300_mode_BASIC_GOOD to NEED MORE TESTING folder

Testing training: data_377_50x20_stage22_pos500_neg300_mode_CORE_GOOD
Copying data_377_50x20_stage22_pos500_neg300_mode_CORE_GOOD to NEED MORE TESTING folder

Testing training: data_378_50x20_stage22_pos500_neg300_mode_ALL_BAD
Copying data_378_50x20_stage22_pos500_neg300_mode_ALL_BAD to NEED MORE TESTING folder

Testing training: data_379_50x20_stage22_pos500_neg400_mode_BASIC_GOOD
Copying data_379_50x20_stage22_pos500_neg400_mode_BASIC_GOOD to NEED MORE TESTING folder

Testing training: data_380_50x20_stage22_pos500_neg400_mode_CORE_BAD
Copying data_380_50x20_stage22_pos500_neg400_mode_CORE_BAD to NEED MORE TESTING folder

Testing training: data_381_50x20_stage22_pos500_neg400_mode_ALL_BAD
Copying data_381_50x20_stage22_pos500_neg400_mode_ALL_BAD to BAD folder

Testing training: data_382_50x20_stage22_pos500_neg500_mode_BASIC_BAD
Copying data_382_50x20_stage22_pos500_neg500_mode_BASIC_BAD to NEED MORE TESTING folder

Testing training: data_38_25x10_stage10_pos500_neg200_mode_CORE_BAD
Copying data_38_25x10_stage10_pos500_neg200_mode_CORE_BAD to BAD folder

Testing training: data_383_50x20_stage22_pos500_neg500_mode_CORE_GOOD
Copying data_383_50x20_stage22_pos500_neg500_mode_CORE_GOOD to BAD folder

Testing training: data_384_50x20_stage22_pos500_neg500_mode_ALL_BAD
Copying data_384_50x20_stage22_pos500_neg500_mode_ALL_BAD to NEED MORE TESTING folder

Testing training: data_385_100x40_stage10_pos200_neg200_mode_BASIC_BAD
Copying data_385_100x40_stage10_pos200_neg200_mode_BASIC_BAD to BAD folder

Testing training: data_386_100x40_stage10_pos200_neg200_mode_CORE_BAD
Copying data_386_100x40_stage10_pos200_neg200_mode_CORE_BAD to BAD folder

Testing training: data_387_100x40_stage10_pos200_neg200_mode_ALL_BAD
Copying data_387_100x40_stage10_pos200_neg200_mode_ALL_BAD to BAD folder

Testing training: data_388_100x40_stage10_pos200_neg300_mode_BASIC_BAD
Copying data_388_100x40_stage10_pos200_neg300_mode_BASIC_BAD to BAD folder

Testing training: data_389_100x40_stage10_pos200_neg300_mode_CORE_BAD
Copying data_389_100x40_stage10_pos200_neg300_mode_CORE_BAD to BAD folder

Testing training: data_390_100x40_stage10_pos200_neg300_mode_ALL_BAD
Copying data_390_100x40_stage10_pos200_neg300_mode_ALL_BAD to BAD folder

Testing training: data_391_100x40_stage10_pos200_neg400_mode_BASIC_BAD
Copying data_391_100x40_stage10_pos200_neg400_mode_BASIC_BAD to BAD folder

Testing training: data_392_100x40_stage10_pos200_neg400_mode_CORE_BAD
Copying data_392_100x40_stage10_pos200_neg400_mode_CORE_BAD to BAD folder

Testing training: data_39_25x10_stage10_pos500_neg200_mode_ALL_BAD
Copying data_39_25x10_stage10_pos500_neg200_mode_ALL_BAD to NEED MORE TESTING folder

Testing training: data_393_100x40_stage10_pos200_neg400_mode_ALL_BAD
Copying data_393_100x40_stage10_pos200_neg400_mode_ALL_BAD to BAD folder

Testing training: data_394_100x40_stage10_pos200_neg500_mode_BASIC_BAD
Copying data_394_100x40_stage10_pos200_neg500_mode_BASIC_BAD to BAD folder

Testing training: data_395_100x40_stage10_pos200_neg500_mode_CORE_BAD
Copying data_395_100x40_stage10_pos200_neg500_mode_CORE_BAD to BAD folder

Testing training: data_396_100x40_stage10_pos200_neg500_mode_ALL_BAD
Copying data_396_100x40_stage10_pos200_neg500_mode_ALL_BAD to BAD folder

Testing training: data_397_100x40_stage10_pos300_neg200_mode_BASIC_BAD
Copying data_397_100x40_stage10_pos300_neg200_mode_BASIC_BAD to BAD folder

Testing training: data_398_100x40_stage10_pos300_neg200_mode_CORE_BAD
Copying data_398_100x40_stage10_pos300_neg200_mode_CORE_BAD to BAD folder

Testing training: data_399_100x40_stage10_pos300_neg200_mode_ALL_BAD
Copying data_399_100x40_stage10_pos300_neg200_mode_ALL_BAD to BAD folder

Testing training: data_400_100x40_stage10_pos300_neg300_mode_BASIC_BAD
Copying data_400_100x40_stage10_pos300_neg300_mode_BASIC_BAD to BAD folder

Testing training: data_401_100x40_stage10_pos300_neg300_mode_CORE_BAD
Copying data_401_100x40_stage10_pos300_neg300_mode_CORE_BAD to BAD folder

Testing training: data_402_100x40_stage10_pos300_neg300_mode_ALL_BAD
Copying data_402_100x40_stage10_pos300_neg300_mode_ALL_BAD to BAD folder

Testing training: data_40_25x10_stage10_pos500_neg300_mode_BASIC_BAD
Copying data_40_25x10_stage10_pos500_neg300_mode_BASIC_BAD to BAD folder

Testing training: data_403_100x40_stage10_pos300_neg400_mode_BASIC_BAD
Copying data_403_100x40_stage10_pos300_neg400_mode_BASIC_BAD to BAD folder

Testing training: data_404_100x40_stage10_pos300_neg400_mode_CORE_BAD
Copying data_404_100x40_stage10_pos300_neg400_mode_CORE_BAD to BAD folder

Testing training: data_405_100x40_stage10_pos300_neg400_mode_ALL_BAD
Copying data_405_100x40_stage10_pos300_neg400_mode_ALL_BAD to BAD folder

Testing training: data_406_100x40_stage10_pos300_neg500_mode_BASIC_BAD
Copying data_406_100x40_stage10_pos300_neg500_mode_BASIC_BAD to BAD folder

Testing training: data_407_100x40_stage10_pos300_neg500_mode_CORE_BAD
Copying data_407_100x40_stage10_pos300_neg500_mode_CORE_BAD to BAD folder

Testing training: data_408_100x40_stage10_pos300_neg500_mode_ALL_BAD
Copying data_408_100x40_stage10_pos300_neg500_mode_ALL_BAD to BAD folder

Testing training: data_409_100x40_stage10_pos400_neg200_mode_BASIC_BAD
Copying data_409_100x40_stage10_pos400_neg200_mode_BASIC_BAD to BAD folder

Testing training: data_410_100x40_stage10_pos400_neg200_mode_CORE_BAD
Copying data_410_100x40_stage10_pos400_neg200_mode_CORE_BAD to BAD folder

Testing training: data_411_100x40_stage10_pos400_neg200_mode_ALL_BAD
Copying data_411_100x40_stage10_pos400_neg200_mode_ALL_BAD to BAD folder

Testing training: data_412_100x40_stage10_pos400_neg300_mode_BASIC_BAD
Copying data_412_100x40_stage10_pos400_neg300_mode_BASIC_BAD to BAD folder

Testing training: data_41_25x10_stage10_pos500_neg300_mode_CORE_BAD
Copying data_41_25x10_stage10_pos500_neg300_mode_CORE_BAD to NEED MORE TESTING folder

Testing training: data_413_100x40_stage10_pos400_neg300_mode_CORE_BAD
Copying data_413_100x40_stage10_pos400_neg300_mode_CORE_BAD to BAD folder

Testing training: data_414_100x40_stage10_pos400_neg300_mode_ALL_BAD
Copying data_414_100x40_stage10_pos400_neg300_mode_ALL_BAD to BAD folder

Testing training: data_415_100x40_stage10_pos400_neg400_mode_BASIC_BAD
Copying data_415_100x40_stage10_pos400_neg400_mode_BASIC_BAD to BAD folder

Testing training: data_416_100x40_stage10_pos400_neg400_mode_CORE_BAD
Copying data_416_100x40_stage10_pos400_neg400_mode_CORE_BAD to BAD folder

Testing training: data_417_100x40_stage10_pos400_neg400_mode_ALL_BAD
Copying data_417_100x40_stage10_pos400_neg400_mode_ALL_BAD to BAD folder

Testing training: data_418_100x40_stage10_pos400_neg500_mode_BASIC_BAD
Copying data_418_100x40_stage10_pos400_neg500_mode_BASIC_BAD to BAD folder

Testing training: data_419_100x40_stage10_pos400_neg500_mode_CORE_BAD
Copying data_419_100x40_stage10_pos400_neg500_mode_CORE_BAD to BAD folder

Testing training: data_420_100x40_stage10_pos400_neg500_mode_ALL_BAD
Copying data_420_100x40_stage10_pos400_neg500_mode_ALL_BAD to BAD folder

Testing training: data_421_100x40_stage10_pos500_neg200_mode_BASIC_BAD
Copying data_421_100x40_stage10_pos500_neg200_mode_BASIC_BAD to BAD folder

Testing training: data_422_100x40_stage10_pos500_neg200_mode_CORE_BAD
Copying data_422_100x40_stage10_pos500_neg200_mode_CORE_BAD to BAD folder

Testing training: data_42_25x10_stage10_pos500_neg300_mode_ALL_BAD
Copying data_42_25x10_stage10_pos500_neg300_mode_ALL_BAD to BAD folder

Testing training: data_423_100x40_stage10_pos500_neg200_mode_ALL_BAD
Copying data_423_100x40_stage10_pos500_neg200_mode_ALL_BAD to BAD folder

Testing training: data_424_100x40_stage10_pos500_neg300_mode_BASIC_BAD
Copying data_424_100x40_stage10_pos500_neg300_mode_BASIC_BAD to BAD folder

Testing training: data_425_100x40_stage10_pos500_neg300_mode_CORE_BAD
Copying data_425_100x40_stage10_pos500_neg300_mode_CORE_BAD to BAD folder

Testing training: data_4_25x10_stage10_pos200_neg300_mode_BASIC_BAD
Copying data_4_25x10_stage10_pos200_neg300_mode_BASIC_BAD to BAD folder

Testing training: data_426_100x40_stage10_pos500_neg300_mode_ALL_GOOD
Copying data_426_100x40_stage10_pos500_neg300_mode_ALL_GOOD to BAD folder

Testing training: data_427_100x40_stage10_pos500_neg400_mode_BASIC_BAD
Copying data_427_100x40_stage10_pos500_neg400_mode_BASIC_BAD to BAD folder

Testing training: data_428_100x40_stage10_pos500_neg400_mode_CORE_BAD
Copying data_428_100x40_stage10_pos500_neg400_mode_CORE_BAD to BAD folder

Testing training: data_429_100x40_stage10_pos500_neg400_mode_ALL_BAD
Copying data_429_100x40_stage10_pos500_neg400_mode_ALL_BAD to BAD folder

Testing training: data_430_100x40_stage10_pos500_neg500_mode_BASIC_BAD
Copying data_430_100x40_stage10_pos500_neg500_mode_BASIC_BAD to BAD folder

Testing training: data_431_100x40_stage10_pos500_neg500_mode_CORE_BAD
Copying data_431_100x40_stage10_pos500_neg500_mode_CORE_BAD to BAD folder

Testing training: data_432_100x40_stage10_pos500_neg500_mode_ALL_BAD
Copying data_432_100x40_stage10_pos500_neg500_mode_ALL_BAD to BAD folder

Testing training: data_43_25x10_stage10_pos500_neg400_mode_BASIC_BAD
Copying data_43_25x10_stage10_pos500_neg400_mode_BASIC_BAD to BAD folder

Testing training: data_433_100x40_stage14_pos200_neg200_mode_BASIC_BAD
Copying data_433_100x40_stage14_pos200_neg200_mode_BASIC_BAD to BAD folder

Testing training: data_434_100x40_stage14_pos200_neg200_mode_CORE_BAD
Copying data_434_100x40_stage14_pos200_neg200_mode_CORE_BAD to BAD folder

Testing training: data_435_100x40_stage14_pos200_neg200_mode_ALL_BAD
Copying data_435_100x40_stage14_pos200_neg200_mode_ALL_BAD to BAD folder

Testing training: data_436_100x40_stage14_pos200_neg300_mode_BASIC_BAD
Copying data_436_100x40_stage14_pos200_neg300_mode_BASIC_BAD to BAD folder

Testing training: data_437_100x40_stage14_pos200_neg300_mode_CORE_BAD
Copying data_437_100x40_stage14_pos200_neg300_mode_CORE_BAD to BAD folder

Testing training: data_438_100x40_stage14_pos200_neg300_mode_ALL_BAD
Copying data_438_100x40_stage14_pos200_neg300_mode_ALL_BAD to BAD folder

Testing training: data_439_100x40_stage14_pos200_neg400_mode_BASIC_BAD
Copying data_439_100x40_stage14_pos200_neg400_mode_BASIC_BAD to BAD folder

Testing training: data_440_100x40_stage14_pos200_neg400_mode_CORE_BAD
Copying data_440_100x40_stage14_pos200_neg400_mode_CORE_BAD to BAD folder

Testing training: data_441_100x40_stage14_pos200_neg400_mode_ALL_BAD
Copying data_441_100x40_stage14_pos200_neg400_mode_ALL_BAD to BAD folder

Testing training: data_442_100x40_stage14_pos200_neg500_mode_BASIC_BAD
Copying data_442_100x40_stage14_pos200_neg500_mode_BASIC_BAD to BAD folder

Testing training: data_44_25x10_stage10_pos500_neg400_mode_CORE_GOOD
Copying data_44_25x10_stage10_pos500_neg400_mode_CORE_GOOD to BAD folder

Testing training: data_443_100x40_stage14_pos200_neg500_mode_CORE_BAD
Copying data_443_100x40_stage14_pos200_neg500_mode_CORE_BAD to BAD folder

Testing training: data_444_100x40_stage14_pos200_neg500_mode_ALL_BAD
Copying data_444_100x40_stage14_pos200_neg500_mode_ALL_BAD to BAD folder

Testing training: data_445_100x40_stage14_pos300_neg200_mode_BASIC_BAD
Copying data_445_100x40_stage14_pos300_neg200_mode_BASIC_BAD to BAD folder

Testing training: data_446_100x40_stage14_pos300_neg200_mode_CORE_BAD
Copying data_446_100x40_stage14_pos300_neg200_mode_CORE_BAD to BAD folder

Testing training: data_447_100x40_stage14_pos300_neg200_mode_ALL_BAD
Copying data_447_100x40_stage14_pos300_neg200_mode_ALL_BAD to BAD folder

Testing training: data_448_100x40_stage14_pos300_neg300_mode_BASIC_BAD
Copying data_448_100x40_stage14_pos300_neg300_mode_BASIC_BAD to BAD folder

Testing training: data_449_100x40_stage14_pos300_neg300_mode_CORE_BAD
Copying data_449_100x40_stage14_pos300_neg300_mode_CORE_BAD to BAD folder

Testing training: data_450_100x40_stage14_pos300_neg300_mode_ALL_BAD
Copying data_450_100x40_stage14_pos300_neg300_mode_ALL_BAD to BAD folder

Testing training: data_451_100x40_stage14_pos300_neg400_mode_BASIC_BAD
Copying data_451_100x40_stage14_pos300_neg400_mode_BASIC_BAD to BAD folder

Testing training: data_452_100x40_stage14_pos300_neg400_mode_CORE_BAD
Copying data_452_100x40_stage14_pos300_neg400_mode_CORE_BAD to BAD folder

Testing training: data_45_25x10_stage10_pos500_neg400_mode_ALL_BAD
Copying data_45_25x10_stage10_pos500_neg400_mode_ALL_BAD to NEED MORE TESTING folder

Testing training: data_453_100x40_stage14_pos300_neg400_mode_ALL_BAD
Copying data_453_100x40_stage14_pos300_neg400_mode_ALL_BAD to BAD folder

Testing training: data_454_100x40_stage14_pos300_neg500_mode_BASIC_BAD
Copying data_454_100x40_stage14_pos300_neg500_mode_BASIC_BAD to BAD folder

Testing training: data_455_100x40_stage14_pos300_neg500_mode_CORE_BAD
Copying data_455_100x40_stage14_pos300_neg500_mode_CORE_BAD to BAD folder

Testing training: data_456_100x40_stage14_pos300_neg500_mode_ALL_BAD
Copying data_456_100x40_stage14_pos300_neg500_mode_ALL_BAD to BAD folder

Testing training: data_457_100x40_stage14_pos400_neg200_mode_BASIC_BAD
Copying data_457_100x40_stage14_pos400_neg200_mode_BASIC_BAD to BAD folder

Testing training: data_458_100x40_stage14_pos400_neg200_mode_CORE_BAD
Copying data_458_100x40_stage14_pos400_neg200_mode_CORE_BAD to BAD folder

Testing training: data_459_100x40_stage14_pos400_neg200_mode_ALL_BAD
Copying data_459_100x40_stage14_pos400_neg200_mode_ALL_BAD to BAD folder

Testing training: data_460_100x40_stage14_pos400_neg300_mode_BASIC_BAD
Copying data_460_100x40_stage14_pos400_neg300_mode_BASIC_BAD to BAD folder

Testing training: data_461_100x40_stage14_pos400_neg300_mode_CORE_BAD
Copying data_461_100x40_stage14_pos400_neg300_mode_CORE_BAD to BAD folder

Testing training: data_462_100x40_stage14_pos400_neg300_mode_ALL_BAD
Copying data_462_100x40_stage14_pos400_neg300_mode_ALL_BAD to BAD folder

Testing training: data_46_25x10_stage10_pos500_neg500_mode_BASIC_BAD
Copying data_46_25x10_stage10_pos500_neg500_mode_BASIC_BAD to NEED MORE TESTING folder

Testing training: data_463_100x40_stage14_pos400_neg400_mode_BASIC_BAD
Copying data_463_100x40_stage14_pos400_neg400_mode_BASIC_BAD to BAD folder

Testing training: data_464_100x40_stage14_pos400_neg400_mode_CORE_BAD
Copying data_464_100x40_stage14_pos400_neg400_mode_CORE_BAD to BAD folder

Testing training: data_465_100x40_stage14_pos400_neg400_mode_ALL_BAD
Copying data_465_100x40_stage14_pos400_neg400_mode_ALL_BAD to BAD folder

Testing training: data_466_100x40_stage14_pos400_neg500_mode_BASIC_BAD
Copying data_466_100x40_stage14_pos400_neg500_mode_BASIC_BAD to BAD folder

Testing training: data_467_100x40_stage14_pos400_neg500_mode_CORE_BAD
Copying data_467_100x40_stage14_pos400_neg500_mode_CORE_BAD to BAD folder

Testing training: data_468_100x40_stage14_pos400_neg500_mode_ALL_BAD
Copying data_468_100x40_stage14_pos400_neg500_mode_ALL_BAD to BAD folder

Testing training: data_469_100x40_stage14_pos500_neg200_mode_BASIC_BAD
Copying data_469_100x40_stage14_pos500_neg200_mode_BASIC_BAD to BAD folder

Testing training: data_470_100x40_stage14_pos500_neg200_mode_CORE_BAD
Copying data_470_100x40_stage14_pos500_neg200_mode_CORE_BAD to BAD folder

Testing training: data_471_100x40_stage14_pos500_neg200_mode_ALL_BAD
Copying data_471_100x40_stage14_pos500_neg200_mode_ALL_BAD to BAD folder

Testing training: data_472_100x40_stage14_pos500_neg300_mode_BASIC_BAD
Copying data_472_100x40_stage14_pos500_neg300_mode_BASIC_BAD to BAD folder

Testing training: data_47_25x10_stage10_pos500_neg500_mode_CORE_BAD
Copying data_47_25x10_stage10_pos500_neg500_mode_CORE_BAD to BAD folder

Testing training: data_473_100x40_stage14_pos500_neg300_mode_CORE_BAD
Copying data_473_100x40_stage14_pos500_neg300_mode_CORE_BAD to BAD folder

Testing training: data_474_100x40_stage14_pos500_neg300_mode_ALL_GOOD
Copying data_474_100x40_stage14_pos500_neg300_mode_ALL_GOOD to BAD folder

Testing training: data_475_100x40_stage14_pos500_neg400_mode_BASIC_BAD
Copying data_475_100x40_stage14_pos500_neg400_mode_BASIC_BAD to BAD folder

Testing training: data_476_100x40_stage14_pos500_neg400_mode_CORE_BAD
Copying data_476_100x40_stage14_pos500_neg400_mode_CORE_BAD to BAD folder

Testing training: data_477_100x40_stage14_pos500_neg400_mode_ALL_BAD
Copying data_477_100x40_stage14_pos500_neg400_mode_ALL_BAD to BAD folder

Testing training: data_478_100x40_stage14_pos500_neg500_mode_BASIC_BAD
Copying data_478_100x40_stage14_pos500_neg500_mode_BASIC_BAD to BAD folder

Testing training: data_479_100x40_stage14_pos500_neg500_mode_CORE_BAD
Copying data_479_100x40_stage14_pos500_neg500_mode_CORE_BAD to BAD folder

Testing training: data_480_100x40_stage14_pos500_neg500_mode_ALL_BAD
Copying data_480_100x40_stage14_pos500_neg500_mode_ALL_BAD to BAD folder

Testing training: data_481_100x40_stage18_pos200_neg200_mode_BASIC_BAD
Copying data_481_100x40_stage18_pos200_neg200_mode_BASIC_BAD to BAD folder

Testing training: data_482_100x40_stage18_pos200_neg200_mode_CORE_BAD
Copying data_482_100x40_stage18_pos200_neg200_mode_CORE_BAD to BAD folder

Testing training: data_48_25x10_stage10_pos500_neg500_mode_ALL_BAD
Copying data_48_25x10_stage10_pos500_neg500_mode_ALL_BAD to NEED MORE TESTING folder

Testing training: data_483_100x40_stage18_pos200_neg200_mode_ALL_BAD
Copying data_483_100x40_stage18_pos200_neg200_mode_ALL_BAD to BAD folder

Testing training: data_484_100x40_stage18_pos200_neg300_mode_BASIC_BAD
Copying data_484_100x40_stage18_pos200_neg300_mode_BASIC_BAD to BAD folder

Testing training: data_485_100x40_stage18_pos200_neg300_mode_CORE_BAD
Copying data_485_100x40_stage18_pos200_neg300_mode_CORE_BAD to BAD folder

Testing training: data_486_100x40_stage18_pos200_neg300_mode_ALL_BAD
Copying data_486_100x40_stage18_pos200_neg300_mode_ALL_BAD to BAD folder

Testing training: data_487_100x40_stage18_pos200_neg400_mode_BASIC_BAD
Copying data_487_100x40_stage18_pos200_neg400_mode_BASIC_BAD to BAD folder

Testing training: data_488_100x40_stage18_pos200_neg400_mode_CORE_BAD
Copying data_488_100x40_stage18_pos200_neg400_mode_CORE_BAD to BAD folder

Testing training: data_489_100x40_stage18_pos200_neg400_mode_ALL_BAD
Copying data_489_100x40_stage18_pos200_neg400_mode_ALL_BAD to BAD folder

Testing training: data_490_100x40_stage18_pos200_neg500_mode_BASIC_BAD
Copying data_490_100x40_stage18_pos200_neg500_mode_BASIC_BAD to BAD folder

Testing training: data_491_100x40_stage18_pos200_neg500_mode_CORE_BAD
Copying data_491_100x40_stage18_pos200_neg500_mode_CORE_BAD to BAD folder

Testing training: data_492_100x40_stage18_pos200_neg500_mode_ALL_BAD
Copying data_492_100x40_stage18_pos200_neg500_mode_ALL_BAD to BAD folder

Testing training: data_49_25x10_stage14_pos200_neg200_mode_BASIC_BAD
Copying data_49_25x10_stage14_pos200_neg200_mode_BASIC_BAD to BAD folder

Testing training: data_493_100x40_stage18_pos300_neg200_mode_BASIC_BAD
Copying data_493_100x40_stage18_pos300_neg200_mode_BASIC_BAD to BAD folder

Testing training: data_494_100x40_stage18_pos300_neg200_mode_CORE_BAD
Copying data_494_100x40_stage18_pos300_neg200_mode_CORE_BAD to BAD folder

Testing training: data_495_100x40_stage18_pos300_neg200_mode_ALL_BAD
Copying data_495_100x40_stage18_pos300_neg200_mode_ALL_BAD to BAD folder

Testing training: data_496_100x40_stage18_pos300_neg300_mode_BASIC_BAD
Copying data_496_100x40_stage18_pos300_neg300_mode_BASIC_BAD to BAD folder

Testing training: data_497_100x40_stage18_pos300_neg300_mode_CORE_BAD
Copying data_497_100x40_stage18_pos300_neg300_mode_CORE_BAD to BAD folder

Testing training: data_498_100x40_stage18_pos300_neg300_mode_ALL_BAD
Copying data_498_100x40_stage18_pos300_neg300_mode_ALL_BAD to BAD folder

Testing training: data_499_100x40_stage18_pos300_neg400_mode_BASIC_BAD
Copying data_499_100x40_stage18_pos300_neg400_mode_BASIC_BAD to BAD folder

Testing training: data_500_100x40_stage18_pos300_neg400_mode_CORE_BAD
Copying data_500_100x40_stage18_pos300_neg400_mode_CORE_BAD to BAD folder

Testing training: data_501_100x40_stage18_pos300_neg400_mode_ALL_BAD
Copying data_501_100x40_stage18_pos300_neg400_mode_ALL_BAD to BAD folder

Testing training: data_502_100x40_stage18_pos300_neg500_mode_BASIC_BAD
Copying data_502_100x40_stage18_pos300_neg500_mode_BASIC_BAD to BAD folder

Testing training: data_50_25x10_stage14_pos200_neg200_mode_CORE_GOOD
Copying data_50_25x10_stage14_pos200_neg200_mode_CORE_GOOD to NEED MORE TESTING folder

Testing training: data_503_100x40_stage18_pos300_neg500_mode_CORE_BAD
Copying data_503_100x40_stage18_pos300_neg500_mode_CORE_BAD to BAD folder

Testing training: data_504_100x40_stage18_pos300_neg500_mode_ALL_BAD
Copying data_504_100x40_stage18_pos300_neg500_mode_ALL_BAD to BAD folder

Testing training: data_505_100x40_stage18_pos400_neg200_mode_BASIC_BAD
Copying data_505_100x40_stage18_pos400_neg200_mode_BASIC_BAD to BAD folder

Testing training: data_506_100x40_stage18_pos400_neg200_mode_CORE_BAD
Copying data_506_100x40_stage18_pos400_neg200_mode_CORE_BAD to BAD folder

Testing training: data_507_100x40_stage18_pos400_neg200_mode_ALL_BAD
Copying data_507_100x40_stage18_pos400_neg200_mode_ALL_BAD to BAD folder

Testing training: data_508_100x40_stage18_pos400_neg300_mode_BASIC_BAD
Copying data_508_100x40_stage18_pos400_neg300_mode_BASIC_BAD to BAD folder

Testing training: data_509_100x40_stage18_pos400_neg300_mode_CORE_BAD
Copying data_509_100x40_stage18_pos400_neg300_mode_CORE_BAD to BAD folder

Testing training: data_510_100x40_stage18_pos400_neg300_mode_ALL_BAD
Copying data_510_100x40_stage18_pos400_neg300_mode_ALL_BAD to BAD folder

Testing training: data_511_100x40_stage18_pos400_neg400_mode_BASIC_BAD
Copying data_511_100x40_stage18_pos400_neg400_mode_BASIC_BAD to BAD folder

Testing training: data_512_100x40_stage18_pos400_neg400_mode_CORE_BAD
Copying data_512_100x40_stage18_pos400_neg400_mode_CORE_BAD to BAD folder

Testing training: data_51_25x10_stage14_pos200_neg200_mode_ALL_GOOD
Copying data_51_25x10_stage14_pos200_neg200_mode_ALL_GOOD to NEED MORE TESTING folder

Testing training: data_513_100x40_stage18_pos400_neg400_mode_ALL_BAD
Copying data_513_100x40_stage18_pos400_neg400_mode_ALL_BAD to BAD folder

Testing training: data_514_100x40_stage18_pos400_neg500_mode_BASIC_BAD
Copying data_514_100x40_stage18_pos400_neg500_mode_BASIC_BAD to BAD folder

Testing training: data_515_100x40_stage18_pos400_neg500_mode_CORE_BAD
Copying data_515_100x40_stage18_pos400_neg500_mode_CORE_BAD to BAD folder

Testing training: data_516_100x40_stage18_pos400_neg500_mode_ALL_BAD
Copying data_516_100x40_stage18_pos400_neg500_mode_ALL_BAD to BAD folder

Testing training: data_517_100x40_stage18_pos500_neg200_mode_BASIC_BAD
Copying data_517_100x40_stage18_pos500_neg200_mode_BASIC_BAD to BAD folder

Testing training: data_518_100x40_stage18_pos500_neg200_mode_CORE_BAD
Copying data_518_100x40_stage18_pos500_neg200_mode_CORE_BAD to BAD folder

Testing training: data_519_100x40_stage18_pos500_neg200_mode_ALL_BAD
Copying data_519_100x40_stage18_pos500_neg200_mode_ALL_BAD to BAD folder

Testing training: data_520_100x40_stage18_pos500_neg300_mode_BASIC_BAD
Copying data_520_100x40_stage18_pos500_neg300_mode_BASIC_BAD to BAD folder

Testing training: data_521_100x40_stage18_pos500_neg300_mode_CORE_BAD
Copying data_521_100x40_stage18_pos500_neg300_mode_CORE_BAD to BAD folder

Testing training: data_522_100x40_stage18_pos500_neg300_mode_ALL_GOOD
Copying data_522_100x40_stage18_pos500_neg300_mode_ALL_GOOD to BAD folder

Testing training: data_52_25x10_stage14_pos200_neg300_mode_BASIC_GOOD
Copying data_52_25x10_stage14_pos200_neg300_mode_BASIC_GOOD to NEED MORE TESTING folder

Testing training: data_523_100x40_stage18_pos500_neg400_mode_BASIC_BAD
Copying data_523_100x40_stage18_pos500_neg400_mode_BASIC_BAD to BAD folder

Testing training: data_524_100x40_stage18_pos500_neg400_mode_CORE_BAD
Copying data_524_100x40_stage18_pos500_neg400_mode_CORE_BAD to BAD folder

Testing training: data_525_100x40_stage18_pos500_neg400_mode_ALL_BAD
Copying data_525_100x40_stage18_pos500_neg400_mode_ALL_BAD to BAD folder

Testing training: data_5_25x10_stage10_pos200_neg300_mode_CORE_BAD
Copying data_5_25x10_stage10_pos200_neg300_mode_CORE_BAD to BAD folder

Testing training: data_526_100x40_stage18_pos500_neg500_mode_BASIC_BAD
Copying data_526_100x40_stage18_pos500_neg500_mode_BASIC_BAD to BAD folder

Testing training: data_527_100x40_stage18_pos500_neg500_mode_CORE_BAD
Copying data_527_100x40_stage18_pos500_neg500_mode_CORE_BAD to BAD folder

Testing training: data_528_100x40_stage18_pos500_neg500_mode_ALL_BAD
Copying data_528_100x40_stage18_pos500_neg500_mode_ALL_BAD to BAD folder

Testing training: data_529_100x40_stage22_pos200_neg200_mode_BASIC_BAD
Copying data_529_100x40_stage22_pos200_neg200_mode_BASIC_BAD to BAD folder

Testing training: data_530_100x40_stage22_pos200_neg200_mode_CORE_BAD
Copying data_530_100x40_stage22_pos200_neg200_mode_CORE_BAD to BAD folder

Testing training: data_531_100x40_stage22_pos200_neg200_mode_ALL_BAD
Copying data_531_100x40_stage22_pos200_neg200_mode_ALL_BAD to BAD folder

Testing training: data_532_100x40_stage22_pos200_neg300_mode_BASIC_BAD
Copying data_532_100x40_stage22_pos200_neg300_mode_BASIC_BAD to BAD folder

Testing training: data_53_25x10_stage14_pos200_neg300_mode_CORE_BAD
Copying data_53_25x10_stage14_pos200_neg300_mode_CORE_BAD to BAD folder

Testing training: data_533_100x40_stage22_pos200_neg300_mode_CORE_BAD
Copying data_533_100x40_stage22_pos200_neg300_mode_CORE_BAD to BAD folder

Testing training: data_534_100x40_stage22_pos200_neg300_mode_ALL_BAD
Copying data_534_100x40_stage22_pos200_neg300_mode_ALL_BAD to BAD folder

Testing training: data_535_100x40_stage22_pos200_neg400_mode_BASIC_BAD
Copying data_535_100x40_stage22_pos200_neg400_mode_BASIC_BAD to BAD folder

Testing training: data_536_100x40_stage22_pos200_neg400_mode_CORE_BAD
Copying data_536_100x40_stage22_pos200_neg400_mode_CORE_BAD to BAD folder

Testing training: data_537_100x40_stage22_pos200_neg400_mode_ALL_BAD
Copying data_537_100x40_stage22_pos200_neg400_mode_ALL_BAD to BAD folder

Testing training: data_538_100x40_stage22_pos200_neg500_mode_BASIC_BAD
Copying data_538_100x40_stage22_pos200_neg500_mode_BASIC_BAD to BAD folder

Testing training: data_539_100x40_stage22_pos200_neg500_mode_CORE_BAD
Copying data_539_100x40_stage22_pos200_neg500_mode_CORE_BAD to BAD folder

Testing training: data_540_100x40_stage22_pos200_neg500_mode_ALL_BAD
Copying data_540_100x40_stage22_pos200_neg500_mode_ALL_BAD to BAD folder

Testing training: data_541_100x40_stage22_pos300_neg200_mode_BASIC_BAD
Copying data_541_100x40_stage22_pos300_neg200_mode_BASIC_BAD to BAD folder

Testing training: data_542_100x40_stage22_pos300_neg200_mode_CORE_BAD
Copying data_542_100x40_stage22_pos300_neg200_mode_CORE_BAD to BAD folder

Testing training: data_54_25x10_stage14_pos200_neg300_mode_ALL_GOOD
Copying data_54_25x10_stage14_pos200_neg300_mode_ALL_GOOD to BAD folder

Testing training: data_543_100x40_stage22_pos300_neg200_mode_ALL_BAD
Copying data_543_100x40_stage22_pos300_neg200_mode_ALL_BAD to BAD folder

Testing training: data_544_100x40_stage22_pos300_neg300_mode_BASIC_BAD
Copying data_544_100x40_stage22_pos300_neg300_mode_BASIC_BAD to BAD folder

Testing training: data_545_100x40_stage22_pos300_neg300_mode_CORE_BAD
Copying data_545_100x40_stage22_pos300_neg300_mode_CORE_BAD to BAD folder

Testing training: data_546_100x40_stage22_pos300_neg300_mode_ALL_BAD
Copying data_546_100x40_stage22_pos300_neg300_mode_ALL_BAD to BAD folder

Testing training: data_547_100x40_stage22_pos300_neg400_mode_BASIC_BAD
Copying data_547_100x40_stage22_pos300_neg400_mode_BASIC_BAD to BAD folder

Testing training: data_548_100x40_stage22_pos300_neg400_mode_CORE_BAD
Copying data_548_100x40_stage22_pos300_neg400_mode_CORE_BAD to BAD folder

Testing training: data_549_100x40_stage22_pos300_neg400_mode_ALL_BAD
Copying data_549_100x40_stage22_pos300_neg400_mode_ALL_BAD to BAD folder

Testing training: data_550_100x40_stage22_pos300_neg500_mode_BASIC_BAD
Copying data_550_100x40_stage22_pos300_neg500_mode_BASIC_BAD to BAD folder

Testing training: data_551_100x40_stage22_pos300_neg500_mode_CORE_BAD
Copying data_551_100x40_stage22_pos300_neg500_mode_CORE_BAD to BAD folder

Testing training: data_552_100x40_stage22_pos300_neg500_mode_ALL_BAD
Copying data_552_100x40_stage22_pos300_neg500_mode_ALL_BAD to BAD folder

Testing training: data_55_25x10_stage14_pos200_neg400_mode_BASIC_GOOD
Copying data_55_25x10_stage14_pos200_neg400_mode_BASIC_GOOD to BAD folder

Testing training: data_553_100x40_stage22_pos400_neg200_mode_BASIC_BAD
Copying data_553_100x40_stage22_pos400_neg200_mode_BASIC_BAD to BAD folder

Testing training: data_554_100x40_stage22_pos400_neg200_mode_CORE_BAD
Copying data_554_100x40_stage22_pos400_neg200_mode_CORE_BAD to BAD folder

Testing training: data_555_100x40_stage22_pos400_neg200_mode_ALL_BAD
Copying data_555_100x40_stage22_pos400_neg200_mode_ALL_BAD to BAD folder

Testing training: data_556_100x40_stage22_pos400_neg300_mode_BASIC_BAD
Copying data_556_100x40_stage22_pos400_neg300_mode_BASIC_BAD to BAD folder

Testing training: data_557_100x40_stage22_pos400_neg300_mode_CORE_BAD
Copying data_557_100x40_stage22_pos400_neg300_mode_CORE_BAD to BAD folder

Testing training: data_558_100x40_stage22_pos400_neg300_mode_ALL_BAD
Copying data_558_100x40_stage22_pos400_neg300_mode_ALL_BAD to BAD folder

Testing training: data_559_100x40_stage22_pos400_neg400_mode_BASIC_BAD
Copying data_559_100x40_stage22_pos400_neg400_mode_BASIC_BAD to BAD folder

Testing training: data_560_100x40_stage22_pos400_neg400_mode_CORE_BAD
Copying data_560_100x40_stage22_pos400_neg400_mode_CORE_BAD to BAD folder

Testing training: data_561_100x40_stage22_pos400_neg400_mode_ALL_BAD
Copying data_561_100x40_stage22_pos400_neg400_mode_ALL_BAD to BAD folder

Testing training: data_562_100x40_stage22_pos400_neg500_mode_BASIC_BAD
Copying data_562_100x40_stage22_pos400_neg500_mode_BASIC_BAD to BAD folder

Testing training: data_56_25x10_stage14_pos200_neg400_mode_CORE_GOOD
Copying data_56_25x10_stage14_pos200_neg400_mode_CORE_GOOD to NEED MORE TESTING folder

Testing training: data_563_100x40_stage22_pos400_neg500_mode_CORE_BAD
Copying data_563_100x40_stage22_pos400_neg500_mode_CORE_BAD to BAD folder

Testing training: data_564_100x40_stage22_pos400_neg500_mode_ALL_BAD
Copying data_564_100x40_stage22_pos400_neg500_mode_ALL_BAD to BAD folder

Testing training: data_565_100x40_stage22_pos500_neg200_mode_BASIC_BAD
Copying data_565_100x40_stage22_pos500_neg200_mode_BASIC_BAD to BAD folder

Testing training: data_566_100x40_stage22_pos500_neg200_mode_CORE_BAD
Copying data_566_100x40_stage22_pos500_neg200_mode_CORE_BAD to BAD folder

Testing training: data_567_100x40_stage22_pos500_neg200_mode_ALL_BAD
Copying data_567_100x40_stage22_pos500_neg200_mode_ALL_BAD to BAD folder

Testing training: data_568_100x40_stage22_pos500_neg300_mode_BASIC_BAD
Copying data_568_100x40_stage22_pos500_neg300_mode_BASIC_BAD to BAD folder

Testing training: data_569_100x40_stage22_pos500_neg300_mode_CORE_BAD
Copying data_569_100x40_stage22_pos500_neg300_mode_CORE_BAD to BAD folder

Testing training: data_570_100x40_stage22_pos500_neg300_mode_ALL_GOOD
Copying data_570_100x40_stage22_pos500_neg300_mode_ALL_GOOD to BAD folder

Testing training: data_571_100x40_stage22_pos500_neg400_mode_BASIC_BAD
Copying data_571_100x40_stage22_pos500_neg400_mode_BASIC_BAD to BAD folder

Testing training: data_572_100x40_stage22_pos500_neg400_mode_CORE_BAD
Copying data_572_100x40_stage22_pos500_neg400_mode_CORE_BAD to BAD folder

Testing training: data_57_25x10_stage14_pos200_neg400_mode_ALL_GOOD
Copying data_57_25x10_stage14_pos200_neg400_mode_ALL_GOOD to BAD folder

Testing training: data_573_100x40_stage22_pos500_neg400_mode_ALL_BAD
Copying data_573_100x40_stage22_pos500_neg400_mode_ALL_BAD to BAD folder

Testing training: data_574_100x40_stage22_pos500_neg500_mode_BASIC_BAD
Copying data_574_100x40_stage22_pos500_neg500_mode_BASIC_BAD to BAD folder

Testing training: data_575_100x40_stage22_pos500_neg500_mode_CORE_BAD
Copying data_575_100x40_stage22_pos500_neg500_mode_CORE_BAD to BAD folder

Testing training: data_576_100x40_stage22_pos500_neg500_mode_ALL_BAD
Copying data_576_100x40_stage22_pos500_neg500_mode_ALL_BAD to BAD folder

Testing training: data_58_25x10_stage14_pos200_neg500_mode_BASIC_GOOD
Copying data_58_25x10_stage14_pos200_neg500_mode_BASIC_GOOD to BAD folder

Testing training: data_59_25x10_stage14_pos200_neg500_mode_CORE_GOOD
Copying data_59_25x10_stage14_pos200_neg500_mode_CORE_GOOD to NEED MORE TESTING folder

Testing training: data_60_25x10_stage14_pos200_neg500_mode_ALL_BAD
Copying data_60_25x10_stage14_pos200_neg500_mode_ALL_BAD to NEED MORE TESTING folder

Testing training: data_61_25x10_stage14_pos300_neg200_mode_BASIC_BAD
Copying data_61_25x10_stage14_pos300_neg200_mode_BASIC_BAD to NEED MORE TESTING folder

Testing training: data_62_25x10_stage14_pos300_neg200_mode_CORE_GOOD
Copying data_62_25x10_stage14_pos300_neg200_mode_CORE_GOOD to NEED MORE TESTING folder

Testing training: data_6_25x10_stage10_pos200_neg300_mode_ALL_BAD
Copying data_6_25x10_stage10_pos200_neg300_mode_ALL_BAD to NEED MORE TESTING folder

Testing training: data_63_25x10_stage14_pos300_neg200_mode_ALL_BAD
Copying data_63_25x10_stage14_pos300_neg200_mode_ALL_BAD to NEED MORE TESTING folder

Testing training: data_64_25x10_stage14_pos300_neg300_mode_BASIC_GOOD
Copying data_64_25x10_stage14_pos300_neg300_mode_BASIC_GOOD to NEED MORE TESTING folder

Testing training: data_65_25x10_stage14_pos300_neg300_mode_CORE_GOOD
Copying data_65_25x10_stage14_pos300_neg300_mode_CORE_GOOD to NEED MORE TESTING folder

Testing training: data_66_25x10_stage14_pos300_neg300_mode_ALL_BAD
Copying data_66_25x10_stage14_pos300_neg300_mode_ALL_BAD to BAD folder

Testing training: data_67_25x10_stage14_pos300_neg400_mode_BASIC_GOOD
Copying data_67_25x10_stage14_pos300_neg400_mode_BASIC_GOOD to NEED MORE TESTING folder

Testing training: data_68_25x10_stage14_pos300_neg400_mode_CORE_GOOD
Copying data_68_25x10_stage14_pos300_neg400_mode_CORE_GOOD to NEED MORE TESTING folder

Testing training: data_69_25x10_stage14_pos300_neg400_mode_ALL_GOOD
Copying data_69_25x10_stage14_pos300_neg400_mode_ALL_GOOD to BAD folder

Testing training: data_70_25x10_stage14_pos300_neg500_mode_BASIC_GOOD
Copying data_70_25x10_stage14_pos300_neg500_mode_BASIC_GOOD to NEED MORE TESTING folder

Testing training: data_71_25x10_stage14_pos300_neg500_mode_CORE_GOOD
Copying data_71_25x10_stage14_pos300_neg500_mode_CORE_GOOD to NEED MORE TESTING folder

Testing training: data_72_25x10_stage14_pos300_neg500_mode_ALL_GOOD
Copying data_72_25x10_stage14_pos300_neg500_mode_ALL_GOOD to NEED MORE TESTING folder

Testing training: data_7_25x10_stage10_pos200_neg400_mode_BASIC_BAD
Copying data_7_25x10_stage10_pos200_neg400_mode_BASIC_BAD to BAD folder

Testing training: data_73_25x10_stage14_pos400_neg200_mode_BASIC_BAD
Copying data_73_25x10_stage14_pos400_neg200_mode_BASIC_BAD to BAD folder

Testing training: data_74_25x10_stage14_pos400_neg200_mode_CORE_BAD
Copying data_74_25x10_stage14_pos400_neg200_mode_CORE_BAD to NEED MORE TESTING folder

Testing training: data_75_25x10_stage14_pos400_neg200_mode_ALL_BAD
Copying data_75_25x10_stage14_pos400_neg200_mode_ALL_BAD to BAD folder

Testing training: data_76_25x10_stage14_pos400_neg300_mode_BASIC_BAD
Copying data_76_25x10_stage14_pos400_neg300_mode_BASIC_BAD to BAD folder

Testing training: data_77_25x10_stage14_pos400_neg300_mode_CORE_BAD
Copying data_77_25x10_stage14_pos400_neg300_mode_CORE_BAD to NEED MORE TESTING folder

Testing training: data_78_25x10_stage14_pos400_neg300_mode_ALL_GOOD
Copying data_78_25x10_stage14_pos400_neg300_mode_ALL_GOOD to BAD folder

Testing training: data_79_25x10_stage14_pos400_neg400_mode_BASIC_GOOD
Copying data_79_25x10_stage14_pos400_neg400_mode_BASIC_GOOD to BAD folder

Testing training: data_80_25x10_stage14_pos400_neg400_mode_CORE_BAD
Copying data_80_25x10_stage14_pos400_neg400_mode_CORE_BAD to BAD folder

Testing training: data_81_25x10_stage14_pos400_neg400_mode_ALL_GOOD
Copying data_81_25x10_stage14_pos400_neg400_mode_ALL_GOOD to BAD folder

Testing training: data_82_25x10_stage14_pos400_neg500_mode_BASIC_GOOD
Copying data_82_25x10_stage14_pos400_neg500_mode_BASIC_GOOD to BAD folder

Testing training: data_8_25x10_stage10_pos200_neg400_mode_CORE_BAD
Copying data_8_25x10_stage10_pos200_neg400_mode_CORE_BAD to NEED MORE TESTING folder

Testing training: data_83_25x10_stage14_pos400_neg500_mode_CORE_GOOD
Copying data_83_25x10_stage14_pos400_neg500_mode_CORE_GOOD to NEED MORE TESTING folder

Testing training: data_84_25x10_stage14_pos400_neg500_mode_ALL_GOOD
Copying data_84_25x10_stage14_pos400_neg500_mode_ALL_GOOD to BAD folder

Testing training: data_85_25x10_stage14_pos500_neg200_mode_BASIC_BAD
Copying data_85_25x10_stage14_pos500_neg200_mode_BASIC_BAD to NEED MORE TESTING folder

Testing training: data_86_25x10_stage14_pos500_neg200_mode_CORE_BAD
Copying data_86_25x10_stage14_pos500_neg200_mode_CORE_BAD to NEED MORE TESTING folder

Testing training: data_87_25x10_stage14_pos500_neg200_mode_ALL_GOOD
Copying data_87_25x10_stage14_pos500_neg200_mode_ALL_GOOD to NEED MORE TESTING folder

Testing training: data_88_25x10_stage14_pos500_neg300_mode_BASIC_GOOD
Copying data_88_25x10_stage14_pos500_neg300_mode_BASIC_GOOD to NEED MORE TESTING folder

Testing training: data_89_25x10_stage14_pos500_neg300_mode_CORE_BAD
Copying data_89_25x10_stage14_pos500_neg300_mode_CORE_BAD to GOOD folder

Testing training: data_90_25x10_stage14_pos500_neg300_mode_ALL_GOOD
Copying data_90_25x10_stage14_pos500_neg300_mode_ALL_GOOD to NEED MORE TESTING folder

Testing training: data_91_25x10_stage14_pos500_neg400_mode_BASIC_GOOD
Copying data_91_25x10_stage14_pos500_neg400_mode_BASIC_GOOD to GOOD folder

Testing training: data_92_25x10_stage14_pos500_neg400_mode_CORE_BAD
Copying data_92_25x10_stage14_pos500_neg400_mode_CORE_BAD to BAD folder

Testing training: data_9_25x10_stage10_pos200_neg400_mode_ALL_BAD
Copying data_9_25x10_stage10_pos200_neg400_mode_ALL_BAD to BAD folder

Testing training: data_93_25x10_stage14_pos500_neg400_mode_ALL_GOOD
Copying data_93_25x10_stage14_pos500_neg400_mode_ALL_GOOD to BAD folder

Testing training: data_94_25x10_stage14_pos500_neg500_mode_BASIC_GOOD
Copying data_94_25x10_stage14_pos500_neg500_mode_BASIC_GOOD to BAD folder

Testing training: data_95_25x10_stage14_pos500_neg500_mode_CORE_GOOD
Copying data_95_25x10_stage14_pos500_neg500_mode_CORE_GOOD to GOOD folder

Testing training: data_96_25x10_stage14_pos500_neg500_mode_ALL_GOOD
Copying data_96_25x10_stage14_pos500_neg500_mode_ALL_GOOD to BAD folder

Testing training: data_97_25x10_stage18_pos200_neg200_mode_BASIC_GOOD
Copying data_97_25x10_stage18_pos200_neg200_mode_BASIC_GOOD to BAD folder

Testing training: data_98_25x10_stage18_pos200_neg200_mode_CORE_GOOD
Copying data_98_25x10_stage18_pos200_neg200_mode_CORE_GOOD to BAD folder

Testing training: data_99_25x10_stage18_pos200_neg200_mode_ALL_GOOD
Copying data_99_25x10_stage18_pos200_neg200_mode_ALL_GOOD to BAD folder
